<?xml version="1.0" encoding="UTF-8"?>
<coverage generated="1587343267660" clover="3.2.0">
  <project timestamp="1587343267660" name="All files">
    <metrics statements="237" coveredstatements="231" conditionals="80" coveredconditionals="73" methods="38" coveredmethods="36" elements="355" coveredelements="340" complexity="0" loc="237" ncloc="237" packages="1" files="6" classes="6"/>
    <file name="Edge.ts" path="/home/runner/work/plastic-io/plastic-io/src/Edge.ts">
      <metrics statements="13" coveredstatements="13" conditionals="0" coveredconditionals="0" methods="3" coveredmethods="3"/>
      <line num="1" count="1" type="stmt"/>
      <line num="2" count="1" type="stmt"/>
      <line num="12" count="1" type="stmt"/>
      <line num="13" count="38" type="stmt"/>
      <line num="14" count="38" type="stmt"/>
      <line num="22" count="38" type="stmt"/>
      <line num="24" count="38" type="stmt"/>
      <line num="25" count="38" type="stmt"/>
      <line num="35" count="38" type="stmt"/>
      <line num="38" count="6" type="stmt"/>
      <line num="39" count="6" type="stmt"/>
      <line num="40" count="6" type="stmt"/>
      <line num="50" count="6" type="stmt"/>
    </file>
    <file name="Loader.ts" path="/home/runner/work/plastic-io/plastic-io/src/Loader.ts">
      <metrics statements="29" coveredstatements="29" conditionals="4" coveredconditionals="4" methods="6" coveredmethods="6"/>
      <line num="2" count="1" type="stmt"/>
      <line num="9" count="1" type="stmt"/>
      <line num="15" count="50" type="stmt"/>
      <line num="16" count="50" type="stmt"/>
      <line num="18" count="1" type="stmt"/>
      <line num="19" count="1" type="stmt"/>
      <line num="20" count="1" type="stmt"/>
      <line num="23" count="1" type="stmt"/>
      <line num="24" count="16" type="stmt"/>
      <line num="25" count="16" type="stmt"/>
      <line num="26" count="16" type="stmt"/>
      <line num="27" count="16" type="stmt"/>
      <line num="32" count="1" type="stmt"/>
      <line num="33" count="1" type="stmt"/>
      <line num="36" count="16" type="stmt"/>
      <line num="37" count="16" type="cond" truecount="2" falsecount="0"/>
      <line num="38" count="1" type="stmt"/>
      <line num="39" count="1" type="stmt"/>
      <line num="41" count="15" type="stmt"/>
      <line num="42" count="15" type="cond" truecount="2" falsecount="0"/>
      <line num="43" count="5" type="stmt"/>
      <line num="46" count="5" type="stmt"/>
      <line num="47" count="5" type="stmt"/>
      <line num="54" count="5" type="stmt"/>
      <line num="56" count="10" type="stmt"/>
      <line num="57" count="10" type="stmt"/>
      <line num="58" count="10" type="stmt"/>
      <line num="59" count="10" type="stmt"/>
      <line num="61" count="1" type="stmt"/>
    </file>
    <file name="Scheduler.ts" path="/home/runner/work/plastic-io/plastic-io/src/Scheduler.ts">
      <metrics statements="60" coveredstatements="59" conditionals="27" coveredconditionals="24" methods="9" coveredmethods="9"/>
      <line num="2" count="1" type="stmt"/>
      <line num="3" count="1" type="stmt"/>
      <line num="5" count="1" type="stmt"/>
      <line num="7" count="1" type="stmt"/>
      <line num="35" count="44" type="cond" truecount="6" falsecount="0"/>
      <line num="36" count="26" type="stmt"/>
      <line num="37" count="26" type="cond" truecount="2" falsecount="0"/>
      <line num="38" count="1" type="stmt"/>
      <line num="40" count="25" type="stmt"/>
      <line num="41" count="25" type="stmt"/>
      <line num="42" count="25" type="stmt"/>
      <line num="43" count="25" type="stmt"/>
      <line num="44" count="25" type="stmt"/>
      <line num="45" count="25" type="stmt"/>
      <line num="46" count="25" type="stmt"/>
      <line num="47" count="25" type="stmt"/>
      <line num="48" count="25" type="stmt"/>
      <line num="49" count="25" type="stmt"/>
      <line num="50" count="25" type="stmt"/>
      <line num="51" count="25" type="stmt"/>
      <line num="54" count="1" type="stmt"/>
      <line num="55" count="4" type="stmt"/>
      <line num="56" count="4" type="cond" truecount="2" falsecount="0"/>
      <line num="57" count="1" type="stmt"/>
      <line num="59" count="3" type="stmt"/>
      <line num="60" count="3" type="cond" truecount="2" falsecount="0"/>
      <line num="61" count="1" type="stmt"/>
      <line num="63" count="2" type="stmt"/>
      <line num="66" count="1" type="stmt"/>
      <line num="67" count="26" type="stmt"/>
      <line num="68" count="26" type="cond" truecount="2" falsecount="0"/>
      <line num="69" count="26" type="stmt"/>
      <line num="72" count="1" type="stmt"/>
      <line num="73" count="248" type="stmt"/>
      <line num="74" count="248" type="cond" truecount="2" falsecount="0"/>
      <line num="75" count="28" type="stmt"/>
      <line num="76" count="26" type="stmt"/>
      <line num="80" count="1" type="stmt"/>
      <line num="81" count="8" type="stmt"/>
      <line num="83" count="1" type="stmt"/>
      <line num="84" count="8" type="stmt"/>
      <line num="87" count="1" type="stmt"/>
      <line num="88" count="26" type="stmt"/>
      <line num="89" count="26" type="stmt"/>
      <line num="90" count="26" type="stmt"/>
      <line num="96" count="26" type="cond" truecount="2" falsecount="3"/>
      <line num="97" count="0" type="stmt"/>
      <line num="99" count="26" type="stmt"/>
      <line num="101" count="26" type="stmt"/>
      <line num="102" count="26" type="stmt"/>
      <line num="103" count="26" type="stmt"/>
      <line num="105" count="26" type="cond" truecount="4" falsecount="0"/>
      <line num="106" count="1" type="stmt"/>
      <line num="107" count="1" type="stmt"/>
      <line num="114" count="27" type="cond" truecount="2" falsecount="0"/>
      <line num="115" count="25" type="stmt"/>
      <line num="116" count="50" type="stmt"/>
      <line num="118" count="26" type="stmt"/>
      <line num="124" count="26" type="stmt"/>
      <line num="128" count="1" type="stmt"/>
    </file>
    <file name="Shared.ts" path="/home/runner/work/plastic-io/plastic-io/src/Shared.ts">
      <metrics statements="7" coveredstatements="7" conditionals="2" coveredconditionals="2" methods="3" coveredmethods="3"/>
      <line num="161" count="1" type="stmt"/>
      <line num="162" count="501" type="stmt"/>
      <line num="165" count="1" type="stmt"/>
      <line num="186" count="1" type="stmt"/>
      <line num="187" count="248" type="stmt"/>
      <line num="189" count="7688" type="cond" truecount="2" falsecount="0"/>
      <line num="190" count="7688" type="stmt"/>
    </file>
    <file name="Vector.ts" path="/home/runner/work/plastic-io/plastic-io/src/Vector.ts">
      <metrics statements="119" coveredstatements="114" conditionals="47" coveredconditionals="43" methods="17" coveredmethods="15"/>
      <line num="1" count="1" type="stmt"/>
      <line num="2" count="1" type="stmt"/>
      <line num="3" count="1" type="stmt"/>
      <line num="5" count="1" type="stmt"/>
      <line num="40" count="30" type="stmt"/>
      <line num="46" count="30" type="stmt"/>
      <line num="48" count="30" type="stmt"/>
      <line num="56" count="0" type="stmt"/>
      <line num="57" count="0" type="stmt"/>
      <line num="60" count="30" type="cond" truecount="1" falsecount="0"/>
      <line num="74" count="1" type="stmt"/>
      <line num="75" count="9" type="stmt"/>
      <line num="76" count="9" type="stmt"/>
      <line num="77" count="9" type="stmt"/>
      <line num="78" count="9" type="stmt"/>
      <line num="82" count="9" type="stmt"/>
      <line num="83" count="9" type="stmt"/>
      <line num="84" count="9" type="cond" truecount="1" falsecount="1"/>
      <line num="85" count="9" type="stmt"/>
      <line num="87" count="9" type="stmt"/>
      <line num="88" count="17" type="stmt"/>
      <line num="90" count="9" type="stmt"/>
      <line num="92" count="9" type="stmt"/>
      <line num="97" count="1" type="stmt"/>
      <line num="98" count="7" type="stmt"/>
      <line num="99" count="7" type="stmt"/>
      <line num="100" count="7" type="stmt"/>
      <line num="101" count="7" type="stmt"/>
      <line num="102" count="7" type="cond" truecount="2" falsecount="0"/>
      <line num="103" count="1" type="stmt"/>
      <line num="108" count="6" type="stmt"/>
      <line num="109" count="6" type="stmt"/>
      <line num="110" count="12" type="cond" truecount="4" falsecount="0"/>
      <line num="111" count="5" type="stmt"/>
      <line num="112" count="5" type="stmt"/>
      <line num="114" count="12" type="cond" truecount="4" falsecount="0"/>
      <line num="115" count="12" type="stmt"/>
      <line num="116" count="7" type="stmt"/>
      <line num="117" count="7" type="stmt"/>
      <line num="118" count="2" type="stmt"/>
      <line num="119" count="2" type="stmt"/>
      <line num="120" count="2" type="cond" truecount="2" falsecount="0"/>
      <line num="122" count="2" type="cond" truecount="2" falsecount="0"/>
      <line num="123" count="1" type="stmt"/>
      <line num="124" count="1" type="stmt"/>
      <line num="126" count="1" type="stmt"/>
      <line num="128" count="1" type="stmt"/>
      <line num="129" count="1" type="stmt"/>
      <line num="130" count="1" type="cond" truecount="1" falsecount="1"/>
      <line num="131" count="1" type="stmt"/>
      <line num="139" count="1" type="stmt"/>
      <line num="140" count="38" type="stmt"/>
      <line num="141" count="38" type="stmt"/>
      <line num="142" count="38" type="stmt"/>
      <line num="143" count="68" type="cond" truecount="4" falsecount="0"/>
      <line num="144" count="8" type="stmt"/>
      <line num="145" count="8" type="stmt"/>
      <line num="146" count="3" type="cond" truecount="2" falsecount="0"/>
      <line num="147" count="1" type="stmt"/>
      <line num="148" count="1" type="stmt"/>
      <line num="149" count="1" type="stmt"/>
      <line num="158" count="2" type="stmt"/>
      <line num="160" count="2" type="stmt"/>
      <line num="161" count="2" type="stmt"/>
      <line num="162" count="2" type="stmt"/>
      <line num="165" count="56" type="cond" truecount="2" falsecount="0"/>
      <line num="166" count="13" type="cond" truecount="2" falsecount="0"/>
      <line num="167" count="7" type="stmt"/>
      <line num="168" count="7" type="stmt"/>
      <line num="169" count="7" type="stmt"/>
      <line num="170" count="6" type="stmt"/>
      <line num="172" count="9" type="cond" truecount="3" falsecount="1"/>
      <line num="173" count="0" type="stmt"/>
      <line num="174" count="0" type="stmt"/>
      <line num="175" count="0" type="stmt"/>
      <line num="184" count="9" type="stmt"/>
      <line num="185" count="9" type="stmt"/>
      <line num="186" count="9" type="stmt"/>
      <line num="187" count="9" type="stmt"/>
      <line num="190" count="32" type="stmt"/>
      <line num="192" count="32" type="stmt"/>
      <line num="193" count="32" type="stmt"/>
      <line num="194" count="13" type="stmt"/>
      <line num="195" count="13" type="stmt"/>
      <line num="197" count="13" type="stmt"/>
      <line num="198" count="40" type="cond" truecount="2" falsecount="0"/>
      <line num="199" count="27" type="cond" truecount="4" falsecount="0"/>
      <line num="200" count="1" type="stmt"/>
      <line num="202" count="14" type="stmt"/>
      <line num="203" count="30" type="stmt"/>
      <line num="205" count="15" type="cond" truecount="2" falsecount="0"/>
      <line num="206" count="13" type="stmt"/>
      <line num="207" count="13" type="stmt"/>
      <line num="208" count="13" type="stmt"/>
      <line num="214" count="26" type="stmt"/>
      <line num="215" count="13" type="stmt"/>
      <line num="216" count="13" type="stmt"/>
      <line num="224" count="1" type="stmt"/>
      <line num="225" count="1" type="stmt"/>
      <line num="226" count="1" type="stmt"/>
      <line num="240" count="26" type="stmt"/>
      <line num="242" count="1" type="stmt"/>
      <line num="243" count="1" type="stmt"/>
      <line num="244" count="1" type="stmt"/>
      <line num="258" count="32" type="cond" truecount="2" falsecount="0"/>
      <line num="260" count="32" type="stmt"/>
      <line num="272" count="34" type="cond" truecount="2" falsecount="0"/>
      <line num="273" count="30" type="stmt"/>
      <line num="274" count="30" type="stmt"/>
      <line num="275" count="30" type="stmt"/>
      <line num="277" count="30" type="stmt"/>
      <line num="279" count="1" type="stmt"/>
      <line num="280" count="1" type="stmt"/>
      <line num="281" count="1" type="stmt"/>
      <line num="291" count="30" type="stmt"/>
      <line num="298" count="2" type="cond" truecount="1" falsecount="1"/>
      <line num="299" count="2" type="stmt"/>
      <line num="300" count="2" type="stmt"/>
      <line num="301" count="2" type="stmt"/>
    </file>
    <file name="index.ts" path="/home/runner/work/plastic-io/plastic-io/src/index.ts">
      <metrics statements="9" coveredstatements="9" conditionals="0" coveredconditionals="0" methods="0" coveredmethods="0"/>
      <line num="4" count="1" type="stmt"/>
      <line num="23" count="1" type="stmt"/>
      <line num="25" count="1" type="stmt"/>
      <line num="26" count="1" type="stmt"/>
      <line num="27" count="1" type="stmt"/>
      <line num="29" count="1" type="stmt"/>
      <line num="30" count="1" type="stmt"/>
      <line num="31" count="1" type="stmt"/>
      <line num="44" count="1" type="stmt"/>
    </file>
  </project>
</coverage>
