{"/home/runner/work/plastic-io/plastic-io/src/Edge.ts": {"path":"/home/runner/work/plastic-io/plastic-io/src/Edge.ts","statementMap":{"0":{"start":{"line":1,"column":0},"end":{"line":1,"column":52}},"1":{"start":{"line":2,"column":0},"end":{"line":2,"column":76}},"2":{"start":{"line":24,"column":20},"end":{"line":24,"column":30}},"3":{"start":{"line":25,"column":8},"end":{"line":33,"column":29}},"4":{"start":{"line":13,"column":10},"end":{"line":13,"column":29}},"5":{"start":{"line":14,"column":4},"end":{"line":21,"column":25}},"6":{"start":{"line":22,"column":4},"end":{"line":22,"column":89}},"7":{"start":{"line":35,"column":4},"end":{"line":51,"column":7}},"8":{"start":{"line":38,"column":19},"end":{"line":38,"column":85}},"9":{"start":{"line":39,"column":8},"end":{"line":39,"column":41}},"10":{"start":{"line":40,"column":8},"end":{"line":49,"column":24}},"11":{"start":{"line":50,"column":8},"end":{"line":50,"column":14}},"12":{"start":{"line":12,"column":0},"end":{"line":12,"column":22}}},"fnMap":{"0":{"name":"execute","decl":{"start":{"line":12,"column":22},"end":{"line":12,"column":29}},"loc":{"start":{"line":12,"column":103},"end":{"line":52,"column":null}}},"1":{"name":"end","decl":{"start":{"line":23,"column":13},"end":{"line":23,"column":16}},"loc":{"start":{"line":23,"column":16},"end":{"line":34,"column":5}}},"2":{"name":"(anonymous_17)","decl":{"start":{"line":37,"column":11},"end":{"line":37,"column":12}},"loc":{"start":{"line":37,"column":15},"end":{"line":51,"column":5}}}},"branchMap":{},"s":{"0":1,"1":1,"2":38,"3":38,"4":38,"5":38,"6":38,"7":76,"8":6,"9":6,"10":6,"11":6,"12":1},"f":{"0":38,"1":38,"2":6},"b":{}}
,"/home/runner/work/plastic-io/plastic-io/src/Loader.ts": {"path":"/home/runner/work/plastic-io/plastic-io/src/Loader.ts","statementMap":{"0":{"start":{"line":2,"column":0},"end":{"line":2,"column":53}},"1":{"start":{"line":9,"column":0},"end":{"line":9,"column":null}},"2":{"start":{"line":15,"column":8},"end":{"line":15,"column":35}},"3":{"start":{"line":16,"column":8},"end":{"line":16,"column":24}},"4":{"start":{"line":18,"column":4},"end":{"line":22,"column":null}},"5":{"start":{"line":18,"column":4},"end":{"line":18,"column":14}},"6":{"start":{"line":19,"column":8},"end":{"line":21,"column":11}},"7":{"start":{"line":20,"column":12},"end":{"line":20,"column":35}},"8":{"start":{"line":23,"column":10},"end":{"line":58,"column":null}},"9":{"start":{"line":24,"column":8},"end":{"line":24,"column":63}},"10":{"start":{"line":25,"column":14},"end":{"line":33,"column":23}},"11":{"start":{"line":30,"column":16},"end":{"line":30,"column":95}},"12":{"start":{"line":31,"column":16},"end":{"line":31,"column":38}},"13":{"start":{"line":34,"column":8},"end":{"line":34,"column":49}},"14":{"start":{"line":35,"column":8},"end":{"line":38,"column":null}},"15":{"start":{"line":36,"column":12},"end":{"line":36,"column":69}},"16":{"start":{"line":37,"column":12},"end":{"line":37,"column":35}},"17":{"start":{"line":39,"column":8},"end":{"line":39,"column":66}},"18":{"start":{"line":40,"column":8},"end":{"line":53,"column":null}},"19":{"start":{"line":41,"column":18},"end":{"line":43,"column":56}},"20":{"start":{"line":44,"column":12},"end":{"line":44,"column":50}},"21":{"start":{"line":45,"column":12},"end":{"line":51,"column":28}},"22":{"start":{"line":52,"column":12},"end":{"line":52,"column":21}},"23":{"start":{"line":54,"column":8},"end":{"line":54,"column":82}},"24":{"start":{"line":55,"column":21},"end":{"line":55,"column":null}},"25":{"start":{"line":55,"column":14},"end":{"line":55,"column":null}},"26":{"start":{"line":56,"column":8},"end":{"line":56,"column":19}},"27":{"start":{"line":56,"column":19},"end":{"line":56,"column":23}},"28":{"start":{"line":56,"column":26},"end":{"line":56,"column":44}},"29":{"start":{"line":56,"column":8},"end":{"line":56,"column":44}},"30":{"start":{"line":57,"column":8},"end":{"line":57,"column":31}},"31":{"start":{"line":59,"column":0},"end":{"line":59,"column":null}}},"fnMap":{"0":{"name":"(anonymous_13)","decl":{"start":{"line":9,"column":0},"end":{"line":9,"column":null}},"loc":{"start":{"line":9,"column":0},"end":{"line":59,"column":null}}},"1":{"name":"Loader","decl":{"start":{"line":14,"column":4},"end":{"line":14,"column":16}},"loc":{"start":{"line":14,"column":36},"end":{"line":17,"column":5}}},"2":{"name":"(anonymous_15)","decl":{"start":{"line":18,"column":4},"end":{"line":18,"column":14}},"loc":{"start":{"line":18,"column":4},"end":{"line":22,"column":5}}},"3":{"name":"(anonymous_16)","decl":{"start":{"line":19,"column":40},"end":{"line":19,"column":41}},"loc":{"start":{"line":19,"column":44},"end":{"line":21,"column":9}}},"4":{"name":"(anonymous_17)","decl":{"start":{"line":23,"column":4},"end":{"line":23,"column":10}},"loc":{"start":{"line":23,"column":26},"end":{"line":58,"column":null}}},"5":{"name":"(anonymous_20)","decl":{"start":{"line":29,"column":22},"end":{"line":29,"column":23}},"loc":{"start":{"line":29,"column":29},"end":{"line":32,"column":13}}}},"branchMap":{"0":{"loc":{"start":{"line":35,"column":8},"end":{"line":38,"column":null}},"type":"if","locations":[{"start":{"line":35,"column":8},"end":{"line":38,"column":null}}]},"1":{"loc":{"start":{"line":40,"column":8},"end":{"line":53,"column":null}},"type":"if","locations":[{"start":{"line":40,"column":8},"end":{"line":53,"column":null}}]}},"s":{"0":1,"1":1,"2":50,"3":50,"4":1,"5":1,"6":1,"7":1,"8":1,"9":16,"10":16,"11":1,"12":1,"13":16,"14":16,"15":1,"16":1,"17":15,"18":15,"19":5,"20":5,"21":5,"22":5,"23":10,"24":10,"25":10,"26":10,"27":10,"28":10,"29":10,"30":10,"31":1},"f":{"0":1,"1":50,"2":1,"3":1,"4":16,"5":1},"b":{"0":[1],"1":[5]}}
,"/home/runner/work/plastic-io/plastic-io/src/Node.ts": {"path":"/home/runner/work/plastic-io/plastic-io/src/Node.ts","statementMap":{"0":{"start":{"line":1,"column":0},"end":{"line":1,"column":52}},"1":{"start":{"line":2,"column":0},"end":{"line":2,"column":36}},"2":{"start":{"line":3,"column":0},"end":{"line":3,"column":35}},"3":{"start":{"line":5,"column":0},"end":{"line":5,"column":null}},"4":{"start":{"line":64,"column":10},"end":{"line":69,"column":7}},"5":{"start":{"line":71,"column":10},"end":{"line":71,"column":80}},"6":{"start":{"line":72,"column":10},"end":{"line":73,"column":83}},"7":{"start":{"line":74,"column":4},"end":{"line":85,"column":23}},"8":{"start":{"line":82,"column":12},"end":{"line":82,"column":94}},"9":{"start":{"line":83,"column":12},"end":{"line":83,"column":40}},"10":{"start":{"line":86,"column":11},"end":{"line":101,"column":6}},"11":{"start":{"line":99,"column":12},"end":{"line":99,"column":41}},"12":{"start":{"line":86,"column":4},"end":{"line":101,"column":6}},"13":{"start":{"line":105,"column":16},"end":{"line":105,"column":32}},"14":{"start":{"line":106,"column":18},"end":{"line":106,"column":41}},"15":{"start":{"line":107,"column":20},"end":{"line":107,"column":52}},"16":{"start":{"line":108,"column":19},"end":{"line":108,"column":50}},"17":{"start":{"line":112,"column":4},"end":{"line":112,"column":70}},"18":{"start":{"line":113,"column":28},"end":{"line":113,"column":41}},"19":{"start":{"line":114,"column":4},"end":{"line":121,"column":null}},"20":{"start":{"line":115,"column":8},"end":{"line":115,"column":38}},"21":{"start":{"line":117,"column":8},"end":{"line":119,"column":19}},"22":{"start":{"line":118,"column":12},"end":{"line":118,"column":47}},"23":{"start":{"line":120,"column":8},"end":{"line":120,"column":53}},"24":{"start":{"line":122,"column":4},"end":{"line":125,"column":6}},"25":{"start":{"line":104,"column":0},"end":{"line":104,"column":16}},"26":{"start":{"line":129,"column":16},"end":{"line":129,"column":32}},"27":{"start":{"line":130,"column":18},"end":{"line":130,"column":41}},"28":{"start":{"line":131,"column":20},"end":{"line":131,"column":52}},"29":{"start":{"line":132,"column":19},"end":{"line":132,"column":50}},"30":{"start":{"line":133,"column":4},"end":{"line":135,"column":null}},"31":{"start":{"line":134,"column":8},"end":{"line":134,"column":89}},"32":{"start":{"line":139,"column":4},"end":{"line":139,"column":141}},"33":{"start":{"line":140,"column":4},"end":{"line":167,"column":7}},"34":{"start":{"line":141,"column":8},"end":{"line":144,"column":null}},"35":{"start":{"line":142,"column":12},"end":{"line":142,"column":110}},"36":{"start":{"line":143,"column":12},"end":{"line":143,"column":49}},"37":{"start":{"line":145,"column":8},"end":{"line":145,"column":168}},"38":{"start":{"line":146,"column":8},"end":{"line":166,"column":11}},"39":{"start":{"line":147,"column":12},"end":{"line":147,"column":80}},"40":{"start":{"line":148,"column":12},"end":{"line":165,"column":15}},"41":{"start":{"line":149,"column":31},"end":{"line":149,"column":76}},"42":{"start":{"line":150,"column":35},"end":{"line":152,"column":18}},"43":{"start":{"line":151,"column":20},"end":{"line":151,"column":77}},"44":{"start":{"line":153,"column":16},"end":{"line":156,"column":null}},"45":{"start":{"line":154,"column":20},"end":{"line":154,"column":105}},"46":{"start":{"line":155,"column":20},"end":{"line":155,"column":27}},"47":{"start":{"line":157,"column":16},"end":{"line":158,"column":77}},"48":{"start":{"line":159,"column":37},"end":{"line":159,"column":66}},"49":{"start":{"line":159,"column":61},"end":{"line":159,"column":66}},"50":{"start":{"line":160,"column":16},"end":{"line":164,"column":19}},"51":{"start":{"line":161,"column":20},"end":{"line":163,"column":null}},"52":{"start":{"line":162,"column":24},"end":{"line":162,"column":47}},"53":{"start":{"line":128,"column":0},"end":{"line":128,"column":16}},"54":{"start":{"line":171,"column":10},"end":{"line":171,"column":33}},"55":{"start":{"line":172,"column":4},"end":{"line":172,"column":72}},"56":{"start":{"line":173,"column":8},"end":{"line":173,"column":20}},"57":{"start":{"line":174,"column":8},"end":{"line":174,"column":12}},"58":{"start":{"line":175,"column":8},"end":{"line":175,"column":92}},"59":{"start":{"line":176,"column":8},"end":{"line":176,"column":24}},"60":{"start":{"line":176,"column":31},"end":{"line":176,"column":131}},"61":{"start":{"line":176,"column":8},"end":{"line":176,"column":131}},"62":{"start":{"line":177,"column":8},"end":{"line":194,"column":null}},"63":{"start":{"line":178,"column":18},"end":{"line":178,"column":104}},"64":{"start":{"line":179,"column":12},"end":{"line":179,"column":33}},"65":{"start":{"line":180,"column":12},"end":{"line":187,"column":28}},"66":{"start":{"line":189,"column":12},"end":{"line":189,"column":42}},"67":{"start":{"line":191,"column":12},"end":{"line":191,"column":40}},"68":{"start":{"line":192,"column":12},"end":{"line":192,"column":34}},"69":{"start":{"line":193,"column":12},"end":{"line":193,"column":46}},"70":{"start":{"line":196,"column":8},"end":{"line":196,"column":12}},"71":{"start":{"line":197,"column":12},"end":{"line":197,"column":13}},"72":{"start":{"line":198,"column":12},"end":{"line":198,"column":72}},"73":{"start":{"line":199,"column":12},"end":{"line":199,"column":29}},"74":{"start":{"line":199,"column":37},"end":{"line":199,"column":141}},"75":{"start":{"line":199,"column":12},"end":{"line":199,"column":141}},"76":{"start":{"line":200,"column":12},"end":{"line":200,"column":48}},"77":{"start":{"line":201,"column":12},"end":{"line":201,"column":43}},"78":{"start":{"line":203,"column":8},"end":{"line":219,"column":null}},"79":{"start":{"line":204,"column":18},"end":{"line":204,"column":105}},"80":{"start":{"line":205,"column":12},"end":{"line":205,"column":33}},"81":{"start":{"line":206,"column":12},"end":{"line":213,"column":28}},"82":{"start":{"line":215,"column":12},"end":{"line":215,"column":44}},"83":{"start":{"line":216,"column":18},"end":{"line":216,"column":71}},"84":{"start":{"line":217,"column":12},"end":{"line":217,"column":37}},"85":{"start":{"line":218,"column":12},"end":{"line":218,"column":35}},"86":{"start":{"line":221,"column":10},"end":{"line":221,"column":21}},"87":{"start":{"line":223,"column":4},"end":{"line":223,"column":61}},"88":{"start":{"line":224,"column":4},"end":{"line":287,"column":7}},"89":{"start":{"line":225,"column":8},"end":{"line":286,"column":11}},"90":{"start":{"line":226,"column":38},"end":{"line":285,"column":null}},"91":{"start":{"line":228,"column":20},"end":{"line":228,"column":173}},"92":{"start":{"line":230,"column":28},"end":{"line":230,"column":37}},"93":{"start":{"line":231,"column":36},"end":{"line":231,"column":131}},"94":{"start":{"line":231,"column":28},"end":{"line":231,"column":131}},"95":{"start":{"line":233,"column":30},"end":{"line":235,"column":27}},"96":{"start":{"line":234,"column":28},"end":{"line":234,"column":61}},"97":{"start":{"line":236,"column":28},"end":{"line":236,"column":36}},"98":{"start":{"line":237,"column":28},"end":{"line":237,"column":124}},"99":{"start":{"line":238,"column":34},"end":{"line":238,"column":53}},"100":{"start":{"line":239,"column":28},"end":{"line":244,"column":49}},"101":{"start":{"line":245,"column":28},"end":{"line":245,"column":96}},"102":{"start":{"line":246,"column":34},"end":{"line":246,"column":51}},"103":{"start":{"line":247,"column":28},"end":{"line":253,"column":49}},"104":{"start":{"line":255,"column":34},"end":{"line":255,"column":137}},"105":{"start":{"line":256,"column":28},"end":{"line":256,"column":49}},"106":{"start":{"line":257,"column":28},"end":{"line":266,"column":44}},"107":{"start":{"line":229,"column":59},"end":{"line":229,"column":null}},"108":{"start":{"line":229,"column":44},"end":{"line":229,"column":null}},"109":{"start":{"line":229,"column":31},"end":{"line":229,"column":44}},"110":{"start":{"line":271,"column":20},"end":{"line":271,"column":44}},"111":{"start":{"line":273,"column":26},"end":{"line":273,"column":124}},"112":{"start":{"line":274,"column":20},"end":{"line":274,"column":40}},"113":{"start":{"line":275,"column":20},"end":{"line":283,"column":36}},"114":{"start":{"line":289,"column":4},"end":{"line":289,"column":70}},"115":{"start":{"line":291,"column":10},"end":{"line":302,"column":23}},"116":{"start":{"line":303,"column":8},"end":{"line":303,"column":12}},"117":{"start":{"line":304,"column":12},"end":{"line":304,"column":15}},"118":{"start":{"line":305,"column":12},"end":{"line":305,"column":27}},"119":{"start":{"line":306,"column":8},"end":{"line":306,"column":118}},"120":{"start":{"line":308,"column":24},"end":{"line":308,"column":76}},"121":{"start":{"line":308,"column":12},"end":{"line":308,"column":76}},"122":{"start":{"line":310,"column":12},"end":{"line":310,"column":21}},"123":{"start":{"line":311,"column":12},"end":{"line":311,"column":87}},"124":{"start":{"line":312,"column":12},"end":{"line":320,"column":28}},"125":{"start":{"line":322,"column":8},"end":{"line":328,"column":27}},"126":{"start":{"line":329,"column":11},"end":{"line":341,"column":null}},"127":{"start":{"line":330,"column":14},"end":{"line":330,"column":87}},"128":{"start":{"line":331,"column":8},"end":{"line":331,"column":42}},"129":{"start":{"line":332,"column":8},"end":{"line":340,"column":24}},"130":{"start":{"line":170,"column":0},"end":{"line":170,"column":22}}},"fnMap":{"0":{"name":"parseAndRun","decl":{"start":{"line":63,"column":15},"end":{"line":63,"column":26}},"loc":{"start":{"line":63,"column":69},"end":{"line":102,"column":null}}},"1":{"name":"(anonymous_16)","decl":{"start":{"line":71,"column":48},"end":{"line":71,"column":66}},"loc":{"start":{"line":71,"column":48},"end":{"line":71,"column":67}}},"2":{"name":"(anonymous_19)","decl":{"start":{"line":81,"column":18},"end":{"line":81,"column":19}},"loc":{"start":{"line":81,"column":27},"end":{"line":84,"column":9}}},"3":{"name":"(anonymous_20)","decl":{"start":{"line":98,"column":8},"end":{"line":98,"column":9}},"loc":{"start":{"line":98,"column":18},"end":{"line":100,"column":9}}},"4":{"name":"getLinkedInputs","decl":{"start":{"line":104,"column":16},"end":{"line":104,"column":31}},"loc":{"start":{"line":104,"column":79},"end":{"line":126,"column":1}}},"5":{"name":"(anonymous_22)","decl":{"start":{"line":117,"column":32},"end":{"line":117,"column":33}},"loc":{"start":{"line":117,"column":40},"end":{"line":119,"column":9}}},"6":{"name":"linkInnerNodeEdges","decl":{"start":{"line":128,"column":16},"end":{"line":128,"column":34}},"loc":{"start":{"line":128,"column":67},"end":{"line":168,"column":1}}},"7":{"name":"(anonymous_24)","decl":{"start":{"line":140,"column":24},"end":{"line":140,"column":25}},"loc":{"start":{"line":140,"column":32},"end":{"line":167,"column":5}}},"8":{"name":"(anonymous_25)","decl":{"start":{"line":146,"column":24},"end":{"line":146,"column":25}},"loc":{"start":{"line":146,"column":34},"end":{"line":166,"column":9}}},"9":{"name":"(anonymous_26)","decl":{"start":{"line":148,"column":41},"end":{"line":148,"column":42}},"loc":{"start":{"line":148,"column":53},"end":{"line":165,"column":13}}},"10":{"name":"(anonymous_27)","decl":{"start":{"line":150,"column":51},"end":{"line":150,"column":52}},"loc":{"start":{"line":150,"column":56},"end":{"line":152,"column":17}}},"11":{"name":"(anonymous_28)","decl":{"start":{"line":159,"column":56},"end":{"line":159,"column":57}},"loc":{"start":{"line":159,"column":57},"end":{"line":159,"column":62}}},"12":{"name":"(anonymous_29)","decl":{"start":{"line":160,"column":46},"end":{"line":160,"column":47}},"loc":{"start":{"line":160,"column":48},"end":{"line":164,"column":17}}},"13":{"name":"execute","decl":{"start":{"line":170,"column":22},"end":{"line":170,"column":29}},"loc":{"start":{"line":170,"column":103},"end":{"line":342,"column":null}}},"14":{"name":"(anonymous_33)","decl":{"start":{"line":224,"column":23},"end":{"line":224,"column":24}},"loc":{"start":{"line":224,"column":34},"end":{"line":287,"column":5}}},"15":{"name":"(anonymous_34)","decl":{"start":{"line":226,"column":17},"end":{"line":226,"column":24}},"loc":{"start":{"line":226,"column":38},"end":{"line":285,"column":null}}},"16":{"name":"(anonymous_35)","decl":{"start":{"line":226,"column":38},"end":{"line":226,"column":null}},"loc":{"start":{"line":226,"column":38},"end":{"line":285,"column":null}}},"17":{"name":"setter","decl":{"start":{"line":227,"column":31},"end":{"line":227,"column":37}},"loc":{"start":{"line":227,"column":46},"end":{"line":269,"column":null}}},"18":{"name":"(anonymous_41)","decl":{"start":{"line":233,"column":58},"end":{"line":233,"column":59}},"loc":{"start":{"line":233,"column":66},"end":{"line":235,"column":25}}}},"branchMap":{"0":{"loc":{"start":{"line":86,"column":4},"end":{"line":101,"column":6}},"type":"switch","locations":[{"start":{"line":86,"column":4},"end":{"line":101,"column":6}}]},"1":{"loc":{"start":{"line":114,"column":4},"end":{"line":121,"column":null}},"type":"if","locations":[{"start":{"line":114,"column":4},"end":{"line":121,"column":null}}]},"2":{"loc":{"start":{"line":133,"column":4},"end":{"line":135,"column":null}},"type":"if","locations":[{"start":{"line":133,"column":4},"end":{"line":135,"column":null}}]},"3":{"loc":{"start":{"line":141,"column":8},"end":{"line":144,"column":null}},"type":"if","locations":[{"start":{"line":141,"column":8},"end":{"line":144,"column":null}}]},"4":{"loc":{"start":{"line":141,"column":12},"end":{"line":141,"column":97}},"type":"binary-expr","locations":[{"start":{"line":141,"column":12},"end":{"line":141,"column":28}},{"start":{"line":141,"column":32},"end":{"line":141,"column":97}}]},"5":{"loc":{"start":{"line":145,"column":23},"end":{"line":145,"column":167}},"type":"cond-expr","locations":[{"start":{"line":145,"column":119},"end":{"line":145,"column":152}},{"start":{"line":145,"column":155},"end":{"line":145,"column":167}}]},"6":{"loc":{"start":{"line":145,"column":24},"end":{"line":145,"column":115}},"type":"binary-expr","locations":[{"start":{"line":145,"column":24},"end":{"line":145,"column":40}},{"start":{"line":145,"column":44},"end":{"line":145,"column":115}}]},"7":{"loc":{"start":{"line":151,"column":27},"end":{"line":151,"column":76}},"type":"binary-expr","locations":[{"start":{"line":151,"column":27},"end":{"line":151,"column":54}},{"start":{"line":151,"column":58},"end":{"line":151,"column":76}}]},"8":{"loc":{"start":{"line":153,"column":16},"end":{"line":156,"column":null}},"type":"if","locations":[{"start":{"line":153,"column":16},"end":{"line":156,"column":null}}]},"9":{"loc":{"start":{"line":161,"column":20},"end":{"line":163,"column":null}},"type":"if","locations":[{"start":{"line":161,"column":20},"end":{"line":163,"column":null}}]},"10":{"loc":{"start":{"line":174,"column":8},"end":{"line":174,"column":12}},"type":"if","locations":[{"start":{"line":174,"column":8},"end":{"line":174,"column":12}}]},"11":{"loc":{"start":{"line":174,"column":8},"end":{"line":174,"column":50}},"type":"binary-expr","locations":[{"start":{"line":174,"column":8},"end":{"line":174,"column":23}},{"start":{"line":174,"column":27},"end":{"line":174,"column":50}}]},"12":{"loc":{"start":{"line":177,"column":8},"end":{"line":194,"column":null}},"type":"if","locations":[{"start":{"line":177,"column":8},"end":{"line":194,"column":null}},{"start":{"line":188,"column":15},"end":{"line":194,"column":null}}]},"13":{"loc":{"start":{"line":196,"column":8},"end":{"line":196,"column":12}},"type":"if","locations":[{"start":{"line":196,"column":8},"end":{"line":196,"column":12}}]},"14":{"loc":{"start":{"line":197,"column":12},"end":{"line":197,"column":13}},"type":"if","locations":[{"start":{"line":197,"column":12},"end":{"line":197,"column":13}}]},"15":{"loc":{"start":{"line":203,"column":8},"end":{"line":219,"column":null}},"type":"if","locations":[{"start":{"line":203,"column":8},"end":{"line":219,"column":null}},{"start":{"line":214,"column":15},"end":{"line":219,"column":null}}]},"16":{"loc":{"start":{"line":203,"column":12},"end":{"line":203,"column":55}},"type":"binary-expr","locations":[{"start":{"line":203,"column":12},"end":{"line":203,"column":28}},{"start":{"line":203,"column":32},"end":{"line":203,"column":55}}]},"17":{"loc":{"start":{"line":230,"column":28},"end":{"line":230,"column":37}},"type":"if","locations":[{"start":{"line":230,"column":28},"end":{"line":230,"column":37}}]},"18":{"loc":{"start":{"line":230,"column":28},"end":{"line":230,"column":97}},"type":"binary-expr","locations":[{"start":{"line":230,"column":28},"end":{"line":230,"column":58}},{"start":{"line":230,"column":62},"end":{"line":230,"column":97}}]},"19":{"loc":{"start":{"line":236,"column":28},"end":{"line":236,"column":36}},"type":"if","locations":[{"start":{"line":236,"column":28},"end":{"line":236,"column":36}}]},"20":{"loc":{"start":{"line":229,"column":44},"end":{"line":229,"column":null}},"type":"if","locations":[{"start":{"line":229,"column":44},"end":{"line":229,"column":null}}]},"21":{"loc":{"start":{"line":289,"column":35},"end":{"line":289,"column":69}},"type":"binary-expr","locations":[{"start":{"line":289,"column":35},"end":{"line":289,"column":63}},{"start":{"line":289,"column":67},"end":{"line":289,"column":69}}]},"22":{"loc":{"start":{"line":303,"column":8},"end":{"line":303,"column":12}},"type":"if","locations":[{"start":{"line":303,"column":8},"end":{"line":303,"column":12}}]},"23":{"loc":{"start":{"line":329,"column":11},"end":{"line":341,"column":null}},"type":"if","locations":[{"start":{"line":329,"column":11},"end":{"line":341,"column":null}}]}},"s":{"0":1,"1":1,"2":1,"3":1,"4":30,"5":30,"6":30,"7":30,"8":0,"9":0,"10":30,"11":0,"12":29,"13":9,"14":9,"15":9,"16":9,"17":9,"18":9,"19":9,"20":9,"21":9,"22":17,"23":9,"24":9,"25":1,"26":7,"27":7,"28":7,"29":7,"30":7,"31":1,"32":6,"33":6,"34":12,"35":5,"36":5,"37":12,"38":12,"39":7,"40":7,"41":2,"42":2,"43":2,"44":2,"45":1,"46":1,"47":1,"48":1,"49":0,"50":1,"51":1,"52":1,"53":1,"54":38,"55":38,"56":38,"57":68,"58":8,"59":8,"60":8,"61":8,"62":3,"63":1,"64":1,"65":1,"66":2,"67":2,"68":2,"69":2,"70":56,"71":13,"72":7,"73":7,"74":7,"75":7,"76":7,"77":6,"78":9,"79":0,"80":0,"81":0,"82":9,"83":9,"84":9,"85":9,"86":32,"87":32,"88":32,"89":13,"90":13,"91":13,"92":27,"93":1,"94":1,"95":14,"96":30,"97":15,"98":13,"99":13,"100":13,"101":26,"102":13,"103":13,"104":1,"105":1,"106":1,"107":24,"108":40,"109":28,"110":26,"111":1,"112":1,"113":1,"114":32,"115":32,"116":34,"117":30,"118":30,"119":30,"120":30,"121":30,"122":1,"123":1,"124":1,"125":30,"126":2,"127":2,"128":2,"129":2,"130":1},"f":{"0":30,"1":0,"2":0,"3":0,"4":9,"5":17,"6":7,"7":12,"8":7,"9":2,"10":2,"11":0,"12":1,"13":38,"14":13,"15":13,"16":13,"17":13,"18":30},"b":{"0":[29],"1":[9],"2":[1],"3":[5],"4":[12,12],"5":[1,11],"6":[12,12],"7":[2,2],"8":[1],"9":[1],"10":[30],"11":[38,8],"12":[1,2],"13":[23],"14":[3],"15":[0,9],"16":[9,9],"17":[13],"18":[14,13],"19":[1],"20":[12],"21":[32,25],"22":[2],"23":[2]}}
,"/home/runner/work/plastic-io/plastic-io/src/Scheduler.ts": {"path":"/home/runner/work/plastic-io/plastic-io/src/Scheduler.ts","statementMap":{"0":{"start":{"line":2,"column":0},"end":{"line":2,"column":31}},"1":{"start":{"line":3,"column":0},"end":{"line":3,"column":null}},"2":{"start":{"line":5,"column":0},"end":{"line":5,"column":30}},"3":{"start":{"line":60,"column":0},"end":{"line":60,"column":null}},"4":{"start":{"line":181,"column":30},"end":{"line":181,"column":52}},"5":{"start":{"line":181,"column":52},"end":{"line":181,"column":72}},"6":{"start":{"line":181,"column":72},"end":{"line":181,"column":null}},"7":{"start":{"line":182,"column":8},"end":{"line":182,"column":42}},"8":{"start":{"line":183,"column":8},"end":{"line":185,"column":null}},"9":{"start":{"line":184,"column":12},"end":{"line":184,"column":81}},"10":{"start":{"line":187,"column":8},"end":{"line":187,"column":64}},"11":{"start":{"line":187,"column":52},"end":{"line":187,"column":54}},"12":{"start":{"line":187,"column":54},"end":{"line":187,"column":61}},"13":{"start":{"line":188,"column":8},"end":{"line":188,"column":68}},"14":{"start":{"line":188,"column":56},"end":{"line":188,"column":58}},"15":{"start":{"line":188,"column":58},"end":{"line":188,"column":65}},"16":{"start":{"line":189,"column":8},"end":{"line":189,"column":66}},"17":{"start":{"line":189,"column":54},"end":{"line":189,"column":56}},"18":{"start":{"line":189,"column":56},"end":{"line":189,"column":63}},"19":{"start":{"line":190,"column":8},"end":{"line":190,"column":64}},"20":{"start":{"line":190,"column":52},"end":{"line":190,"column":54}},"21":{"start":{"line":190,"column":54},"end":{"line":190,"column":61}},"22":{"start":{"line":191,"column":8},"end":{"line":191,"column":63}},"23":{"start":{"line":191,"column":51},"end":{"line":191,"column":53}},"24":{"start":{"line":191,"column":53},"end":{"line":191,"column":60}},"25":{"start":{"line":192,"column":8},"end":{"line":192,"column":64}},"26":{"start":{"line":192,"column":52},"end":{"line":192,"column":54}},"27":{"start":{"line":192,"column":54},"end":{"line":192,"column":61}},"28":{"start":{"line":193,"column":8},"end":{"line":193,"column":66}},"29":{"start":{"line":193,"column":54},"end":{"line":193,"column":56}},"30":{"start":{"line":193,"column":56},"end":{"line":193,"column":63}},"31":{"start":{"line":194,"column":8},"end":{"line":194,"column":62}},"32":{"start":{"line":194,"column":50},"end":{"line":194,"column":52}},"33":{"start":{"line":194,"column":52},"end":{"line":194,"column":59}},"34":{"start":{"line":195,"column":8},"end":{"line":195,"column":62}},"35":{"start":{"line":195,"column":50},"end":{"line":195,"column":52}},"36":{"start":{"line":195,"column":52},"end":{"line":195,"column":59}},"37":{"start":{"line":196,"column":8},"end":{"line":196,"column":73}},"38":{"start":{"line":196,"column":61},"end":{"line":196,"column":63}},"39":{"start":{"line":196,"column":63},"end":{"line":196,"column":70}},"40":{"start":{"line":197,"column":8},"end":{"line":197,"column":71}},"41":{"start":{"line":197,"column":59},"end":{"line":197,"column":61}},"42":{"start":{"line":197,"column":61},"end":{"line":197,"column":68}},"43":{"start":{"line":198,"column":8},"end":{"line":198,"column":67}},"44":{"start":{"line":198,"column":55},"end":{"line":198,"column":57}},"45":{"start":{"line":198,"column":57},"end":{"line":198,"column":64}},"46":{"start":{"line":199,"column":8},"end":{"line":199,"column":27}},"47":{"start":{"line":200,"column":8},"end":{"line":200,"column":26}},"48":{"start":{"line":201,"column":8},"end":{"line":201,"column":31}},"49":{"start":{"line":202,"column":8},"end":{"line":202,"column":27}},"50":{"start":{"line":203,"column":8},"end":{"line":203,"column":25}},"51":{"start":{"line":204,"column":8},"end":{"line":204,"column":28}},"52":{"start":{"line":205,"column":8},"end":{"line":205,"column":58}},"53":{"start":{"line":206,"column":8},"end":{"line":206,"column":57}},"54":{"start":{"line":207,"column":8},"end":{"line":207,"column":29}},"55":{"start":{"line":208,"column":8},"end":{"line":208,"column":51}},"56":{"start":{"line":209,"column":8},"end":{"line":209,"column":49}},"57":{"start":{"line":210,"column":8},"end":{"line":210,"column":52}},"58":{"start":{"line":213,"column":4},"end":{"line":223,"column":null}},"59":{"start":{"line":214,"column":8},"end":{"line":214,"column":66}},"60":{"start":{"line":215,"column":8},"end":{"line":217,"column":null}},"61":{"start":{"line":216,"column":12},"end":{"line":216,"column":19}},"62":{"start":{"line":218,"column":20},"end":{"line":218,"column":60}},"63":{"start":{"line":219,"column":8},"end":{"line":221,"column":null}},"64":{"start":{"line":220,"column":12},"end":{"line":220,"column":19}},"65":{"start":{"line":222,"column":8},"end":{"line":222,"column":46}},"66":{"start":{"line":225,"column":4},"end":{"line":229,"column":null}},"67":{"start":{"line":226,"column":8},"end":{"line":226,"column":63}},"68":{"start":{"line":227,"column":8},"end":{"line":227,"column":62}},"69":{"start":{"line":228,"column":8},"end":{"line":228,"column":46}},"70":{"start":{"line":231,"column":4},"end":{"line":238,"column":null}},"71":{"start":{"line":232,"column":8},"end":{"line":232,"column":68}},"72":{"start":{"line":233,"column":8},"end":{"line":237,"column":null}},"73":{"start":{"line":234,"column":12},"end":{"line":236,"column":null}},"74":{"start":{"line":234,"column":35},"end":{"line":234,"column":39}},"75":{"start":{"line":234,"column":35},"end":{"line":234,"column":57}},"76":{"start":{"line":234,"column":31},"end":{"line":234,"column":35}},"77":{"start":{"line":235,"column":16},"end":{"line":235,"column":47}},"78":{"start":{"line":239,"column":4},"end":{"line":241,"column":null}},"79":{"start":{"line":240,"column":8},"end":{"line":240,"column":90}},"80":{"start":{"line":242,"column":4},"end":{"line":244,"column":null}},"81":{"start":{"line":243,"column":8},"end":{"line":243,"column":91}},"82":{"start":{"line":282,"column":10},"end":{"line":322,"column":null}},"83":{"start":{"line":283,"column":8},"end":{"line":283,"column":55}},"84":{"start":{"line":284,"column":14},"end":{"line":284,"column":33}},"85":{"start":{"line":285,"column":8},"end":{"line":289,"column":29}},"86":{"start":{"line":291,"column":8},"end":{"line":295,"column":null}},"87":{"start":{"line":292,"column":12},"end":{"line":292,"column":50}},"88":{"start":{"line":294,"column":12},"end":{"line":294,"column":31}},"89":{"start":{"line":296,"column":14},"end":{"line":296,"column":40}},"90":{"start":{"line":297,"column":14},"end":{"line":299,"column":19}},"91":{"start":{"line":298,"column":12},"end":{"line":298,"column":41}},"92":{"start":{"line":300,"column":8},"end":{"line":308,"column":null}},"93":{"start":{"line":301,"column":12},"end":{"line":301,"column":66}},"94":{"start":{"line":302,"column":12},"end":{"line":307,"column":26}},"95":{"start":{"line":309,"column":12},"end":{"line":309,"column":16}},"96":{"start":{"line":310,"column":12},"end":{"line":310,"column":61}},"97":{"start":{"line":311,"column":12},"end":{"line":311,"column":59}},"98":{"start":{"line":313,"column":8},"end":{"line":318,"column":29}},"99":{"start":{"line":319,"column":8},"end":{"line":321,"column":10}},"100":{"start":{"line":323,"column":0},"end":{"line":323,"column":null}}},"fnMap":{"0":{"name":"(anonymous_13)","decl":{"start":{"line":60,"column":0},"end":{"line":60,"column":null}},"loc":{"start":{"line":60,"column":0},"end":{"line":323,"column":null}}},"1":{"name":"Scheduler","decl":{"start":{"line":181,"column":4},"end":{"line":181,"column":16}},"loc":{"start":{"line":181,"column":99},"end":{"line":211,"column":5}}},"2":{"name":"(anonymous_15)","decl":{"start":{"line":187,"column":21},"end":{"line":187,"column":22}},"loc":{"start":{"line":187,"column":39},"end":{"line":187,"column":63}}},"3":{"name":"(anonymous_16)","decl":{"start":{"line":188,"column":25},"end":{"line":188,"column":26}},"loc":{"start":{"line":188,"column":43},"end":{"line":188,"column":67}}},"4":{"name":"(anonymous_17)","decl":{"start":{"line":189,"column":23},"end":{"line":189,"column":24}},"loc":{"start":{"line":189,"column":41},"end":{"line":189,"column":65}}},"5":{"name":"(anonymous_18)","decl":{"start":{"line":190,"column":21},"end":{"line":190,"column":22}},"loc":{"start":{"line":190,"column":39},"end":{"line":190,"column":63}}},"6":{"name":"(anonymous_19)","decl":{"start":{"line":191,"column":20},"end":{"line":191,"column":21}},"loc":{"start":{"line":191,"column":38},"end":{"line":191,"column":62}}},"7":{"name":"(anonymous_20)","decl":{"start":{"line":192,"column":21},"end":{"line":192,"column":22}},"loc":{"start":{"line":192,"column":39},"end":{"line":192,"column":63}}},"8":{"name":"(anonymous_21)","decl":{"start":{"line":193,"column":23},"end":{"line":193,"column":24}},"loc":{"start":{"line":193,"column":41},"end":{"line":193,"column":65}}},"9":{"name":"(anonymous_22)","decl":{"start":{"line":194,"column":19},"end":{"line":194,"column":20}},"loc":{"start":{"line":194,"column":37},"end":{"line":194,"column":61}}},"10":{"name":"(anonymous_23)","decl":{"start":{"line":195,"column":19},"end":{"line":195,"column":20}},"loc":{"start":{"line":195,"column":37},"end":{"line":195,"column":61}}},"11":{"name":"(anonymous_24)","decl":{"start":{"line":196,"column":30},"end":{"line":196,"column":31}},"loc":{"start":{"line":196,"column":48},"end":{"line":196,"column":72}}},"12":{"name":"(anonymous_25)","decl":{"start":{"line":197,"column":28},"end":{"line":197,"column":29}},"loc":{"start":{"line":197,"column":46},"end":{"line":197,"column":70}}},"13":{"name":"(anonymous_26)","decl":{"start":{"line":198,"column":24},"end":{"line":198,"column":25}},"loc":{"start":{"line":198,"column":42},"end":{"line":198,"column":66}}},"14":{"name":"(anonymous_27)","decl":{"start":{"line":213,"column":4},"end":{"line":213,"column":23}},"loc":{"start":{"line":213,"column":63},"end":{"line":223,"column":5}}},"15":{"name":"(anonymous_28)","decl":{"start":{"line":225,"column":4},"end":{"line":225,"column":20}},"loc":{"start":{"line":225,"column":158},"end":{"line":229,"column":5}}},"16":{"name":"(anonymous_29)","decl":{"start":{"line":231,"column":4},"end":{"line":231,"column":17}},"loc":{"start":{"line":231,"column":62},"end":{"line":238,"column":5}}},"17":{"name":"(anonymous_30)","decl":{"start":{"line":239,"column":4},"end":{"line":239,"column":15}},"loc":{"start":{"line":239,"column":43},"end":{"line":241,"column":5}}},"18":{"name":"(anonymous_31)","decl":{"start":{"line":242,"column":4},"end":{"line":242,"column":16}},"loc":{"start":{"line":242,"column":44},"end":{"line":244,"column":5}}},"19":{"name":"(anonymous_32)","decl":{"start":{"line":282,"column":4},"end":{"line":282,"column":10}},"loc":{"start":{"line":282,"column":71},"end":{"line":322,"column":null}}},"20":{"name":"(anonymous_35)","decl":{"start":{"line":297,"column":38},"end":{"line":297,"column":39}},"loc":{"start":{"line":297,"column":48},"end":{"line":299,"column":9}}}},"branchMap":{"0":{"loc":{"start":{"line":181,"column":30},"end":{"line":181,"column":52}},"type":"if","locations":[{"start":{"line":181,"column":30},"end":{"line":181,"column":52}}]},"1":{"loc":{"start":{"line":181,"column":52},"end":{"line":181,"column":72}},"type":"if","locations":[{"start":{"line":181,"column":52},"end":{"line":181,"column":72}}]},"2":{"loc":{"start":{"line":181,"column":72},"end":{"line":181,"column":null}},"type":"if","locations":[{"start":{"line":181,"column":72},"end":{"line":181,"column":null}}]},"3":{"loc":{"start":{"line":183,"column":8},"end":{"line":185,"column":null}},"type":"if","locations":[{"start":{"line":183,"column":8},"end":{"line":185,"column":null}}]},"4":{"loc":{"start":{"line":215,"column":8},"end":{"line":217,"column":null}},"type":"if","locations":[{"start":{"line":215,"column":8},"end":{"line":217,"column":null}}]},"5":{"loc":{"start":{"line":219,"column":8},"end":{"line":221,"column":null}},"type":"if","locations":[{"start":{"line":219,"column":8},"end":{"line":221,"column":null}}]},"6":{"loc":{"start":{"line":227,"column":33},"end":{"line":227,"column":61}},"type":"binary-expr","locations":[{"start":{"line":227,"column":33},"end":{"line":227,"column":55}},{"start":{"line":227,"column":59},"end":{"line":227,"column":61}}]},"7":{"loc":{"start":{"line":233,"column":8},"end":{"line":237,"column":null}},"type":"if","locations":[{"start":{"line":233,"column":8},"end":{"line":237,"column":null}}]},"8":{"loc":{"start":{"line":291,"column":8},"end":{"line":295,"column":null}},"type":"if","locations":[{"start":{"line":291,"column":8},"end":{"line":295,"column":null}},{"start":{"line":293,"column":15},"end":{"line":295,"column":null}}]},"9":{"loc":{"start":{"line":291,"column":12},"end":{"line":291,"column":83}},"type":"binary-expr","locations":[{"start":{"line":291,"column":12},"end":{"line":291,"column":23}},{"start":{"line":291,"column":27},"end":{"line":291,"column":50}},{"start":{"line":291,"column":54},"end":{"line":291,"column":83}}]},"10":{"loc":{"start":{"line":300,"column":8},"end":{"line":308,"column":null}},"type":"if","locations":[{"start":{"line":300,"column":8},"end":{"line":308,"column":null}}]},"11":{"loc":{"start":{"line":300,"column":12},"end":{"line":300,"column":24}},"type":"binary-expr","locations":[{"start":{"line":300,"column":12},"end":{"line":300,"column":17}},{"start":{"line":300,"column":21},"end":{"line":300,"column":24}}]},"12":{"loc":{"start":{"line":309,"column":12},"end":{"line":309,"column":16}},"type":"if","locations":[{"start":{"line":309,"column":12},"end":{"line":309,"column":16}}]}},"s":{"0":1,"1":1,"2":1,"3":1,"4":43,"5":43,"6":44,"7":26,"8":26,"9":1,"10":25,"11":0,"12":0,"13":25,"14":0,"15":0,"16":25,"17":0,"18":0,"19":25,"20":0,"21":0,"22":25,"23":0,"24":0,"25":25,"26":0,"27":0,"28":25,"29":0,"30":0,"31":25,"32":0,"33":0,"34":25,"35":0,"36":0,"37":25,"38":0,"39":0,"40":25,"41":0,"42":0,"43":25,"44":0,"45":0,"46":25,"47":25,"48":25,"49":25,"50":25,"51":25,"52":25,"53":25,"54":25,"55":25,"56":25,"57":25,"58":1,"59":4,"60":4,"61":1,"62":3,"63":3,"64":1,"65":2,"66":1,"67":26,"68":26,"69":26,"70":1,"71":248,"72":248,"73":28,"74":28,"75":28,"76":26,"77":26,"78":1,"79":8,"80":1,"81":8,"82":1,"83":26,"84":26,"85":26,"86":26,"87":0,"88":26,"89":26,"90":26,"91":26,"92":26,"93":1,"94":1,"95":27,"96":25,"97":50,"98":26,"99":26,"100":1},"f":{"0":1,"1":26,"2":0,"3":0,"4":0,"5":0,"6":0,"7":0,"8":0,"9":0,"10":0,"11":0,"12":0,"13":0,"14":4,"15":26,"16":248,"17":8,"18":8,"19":26,"20":26},"b":{"0":[17],"1":[17],"2":[18],"3":[1],"4":[1],"5":[1],"6":[26,26],"7":[28],"8":[0,26],"9":[26,0,0],"10":[1],"11":[26,1],"12":[1]}}
,"/home/runner/work/plastic-io/plastic-io/src/Shared.ts": {"path":"/home/runner/work/plastic-io/plastic-io/src/Shared.ts","statementMap":{"0":{"start":{"line":171,"column":4},"end":{"line":171,"column":11}},"1":{"start":{"line":170,"column":0},"end":{"line":170,"column":16}},"2":{"start":{"line":174,"column":13},"end":{"line":180,"column":2}},"3":{"start":{"line":196,"column":4},"end":{"line":200,"column":7}},"4":{"start":{"line":198,"column":16},"end":{"line":198,"column":38}},"5":{"start":{"line":198,"column":44},"end":{"line":198,"column":74}},"6":{"start":{"line":199,"column":8},"end":{"line":199,"column":30}},"7":{"start":{"line":195,"column":0},"end":{"line":195,"column":16}}},"fnMap":{"0":{"name":"nullFunction","decl":{"start":{"line":170,"column":16},"end":{"line":170,"column":28}},"loc":{"start":{"line":170,"column":28},"end":{"line":172,"column":1}}},"1":{"name":"newId","decl":{"start":{"line":195,"column":16},"end":{"line":195,"column":21}},"loc":{"start":{"line":195,"column":21},"end":{"line":201,"column":1}}},"2":{"name":"(anonymous_2)","decl":{"start":{"line":196,"column":67},"end":{"line":196,"column":68}},"loc":{"start":{"line":196,"column":69},"end":{"line":200,"column":5}}}},"branchMap":{"0":{"loc":{"start":{"line":198,"column":44},"end":{"line":198,"column":74}},"type":"cond-expr","locations":[{"start":{"line":198,"column":55},"end":{"line":198,"column":56}},{"start":{"line":198,"column":60},"end":{"line":198,"column":73}}]}},"s":{"0":501,"1":1,"2":1,"3":248,"4":7688,"5":7688,"6":7688,"7":1},"f":{"0":501,"1":248,"2":7688},"b":{"0":[7440,248]}}
,"/home/runner/work/plastic-io/plastic-io/src/index.ts": {"path":"/home/runner/work/plastic-io/plastic-io/src/index.ts","statementMap":{"0":{"start":{"line":4,"column":0},"end":{"line":4,"column":null}},"1":{"start":{"line":44,"column":4},"end":{"line":15,"column":null}},"2":{"start":{"line":23,"column":0},"end":{"line":23,"column":36}},"3":{"start":{"line":25,"column":0},"end":{"line":25,"column":14}},"4":{"start":{"line":30,"column":4},"end":{"line":25,"column":34}},"5":{"start":{"line":29,"column":4},"end":{"line":25,"column":65}},"6":{"start":{"line":26,"column":0},"end":{"line":26,"column":7}},"7":{"start":{"line":31,"column":4},"end":{"line":26,"column":30}},"8":{"start":{"line":27,"column":0},"end":{"line":27,"column":25}}},"fnMap":{"0":{"name":"(anonymous_0)","decl":{"start":{"line":44,"column":4},"end":{"line":44,"column":9}},"loc":{"start":{"line":44,"column":4},"end":{"line":15,"column":null}}},"1":{"name":"(anonymous_1)","decl":{"start":{"line":30,"column":4},"end":{"line":30,"column":22}},"loc":{"start":{"line":30,"column":4},"end":{"line":25,"column":34}}},"2":{"name":"(anonymous_2)","decl":{"start":{"line":29,"column":4},"end":{"line":29,"column":19}},"loc":{"start":{"line":29,"column":4},"end":{"line":25,"column":65}}}},"branchMap":{},"s":{"0":1,"1":1,"2":1,"3":1,"4":1,"5":1,"6":1,"7":1,"8":1},"f":{"0":0,"1":0,"2":0},"b":{}}
}
