{"/home/runner/work/plastic-io/plastic-io/src/Edge.ts": {"path":"/home/runner/work/plastic-io/plastic-io/src/Edge.ts","statementMap":{"0":{"start":{"line":1,"column":0},"end":{"line":1,"column":58}},"1":{"start":{"line":2,"column":0},"end":{"line":2,"column":76}},"2":{"start":{"line":24,"column":20},"end":{"line":24,"column":30}},"3":{"start":{"line":25,"column":8},"end":{"line":33,"column":29}},"4":{"start":{"line":13,"column":10},"end":{"line":13,"column":29}},"5":{"start":{"line":14,"column":4},"end":{"line":21,"column":25}},"6":{"start":{"line":22,"column":4},"end":{"line":22,"column":95}},"7":{"start":{"line":35,"column":4},"end":{"line":51,"column":7}},"8":{"start":{"line":38,"column":19},"end":{"line":38,"column":87}},"9":{"start":{"line":39,"column":8},"end":{"line":39,"column":41}},"10":{"start":{"line":40,"column":8},"end":{"line":49,"column":24}},"11":{"start":{"line":50,"column":8},"end":{"line":50,"column":14}},"12":{"start":{"line":12,"column":0},"end":{"line":12,"column":22}}},"fnMap":{"0":{"name":"execute","decl":{"start":{"line":12,"column":22},"end":{"line":12,"column":29}},"loc":{"start":{"line":12,"column":107},"end":{"line":52,"column":null}}},"1":{"name":"end","decl":{"start":{"line":23,"column":13},"end":{"line":23,"column":16}},"loc":{"start":{"line":23,"column":16},"end":{"line":34,"column":5}}},"2":{"name":"(anonymous_17)","decl":{"start":{"line":37,"column":11},"end":{"line":37,"column":12}},"loc":{"start":{"line":37,"column":15},"end":{"line":51,"column":5}}}},"branchMap":{},"s":{"0":1,"1":1,"2":38,"3":38,"4":38,"5":38,"6":38,"7":38,"8":6,"9":6,"10":6,"11":6,"12":1},"f":{"0":38,"1":38,"2":6},"b":{}}
,"/home/runner/work/plastic-io/plastic-io/src/Loader.ts": {"path":"/home/runner/work/plastic-io/plastic-io/src/Loader.ts","statementMap":{"0":{"start":{"line":2,"column":0},"end":{"line":2,"column":53}},"1":{"start":{"line":9,"column":0},"end":{"line":9,"column":null}},"2":{"start":{"line":15,"column":8},"end":{"line":15,"column":35}},"3":{"start":{"line":16,"column":8},"end":{"line":16,"column":24}},"4":{"start":{"line":18,"column":4},"end":{"line":22,"column":null}},"5":{"start":{"line":18,"column":4},"end":{"line":18,"column":14}},"6":{"start":{"line":19,"column":8},"end":{"line":21,"column":11}},"7":{"start":{"line":20,"column":12},"end":{"line":20,"column":35}},"8":{"start":{"line":23,"column":10},"end":{"line":60,"column":null}},"9":{"start":{"line":24,"column":14},"end":{"line":24,"column":41}},"10":{"start":{"line":25,"column":14},"end":{"line":25,"column":33}},"11":{"start":{"line":26,"column":8},"end":{"line":26,"column":58}},"12":{"start":{"line":27,"column":14},"end":{"line":35,"column":23}},"13":{"start":{"line":32,"column":16},"end":{"line":32,"column":90}},"14":{"start":{"line":33,"column":16},"end":{"line":33,"column":33}},"15":{"start":{"line":36,"column":8},"end":{"line":36,"column":44}},"16":{"start":{"line":37,"column":8},"end":{"line":40,"column":null}},"17":{"start":{"line":38,"column":12},"end":{"line":38,"column":64}},"18":{"start":{"line":39,"column":12},"end":{"line":39,"column":30}},"19":{"start":{"line":41,"column":8},"end":{"line":41,"column":61}},"20":{"start":{"line":42,"column":8},"end":{"line":55,"column":null}},"21":{"start":{"line":43,"column":18},"end":{"line":45,"column":56}},"22":{"start":{"line":46,"column":12},"end":{"line":46,"column":45}},"23":{"start":{"line":47,"column":12},"end":{"line":53,"column":28}},"24":{"start":{"line":54,"column":12},"end":{"line":54,"column":21}},"25":{"start":{"line":56,"column":8},"end":{"line":56,"column":77}},"26":{"start":{"line":57,"column":21},"end":{"line":57,"column":null}},"27":{"start":{"line":57,"column":14},"end":{"line":57,"column":null}},"28":{"start":{"line":58,"column":8},"end":{"line":58,"column":14}},"29":{"start":{"line":58,"column":14},"end":{"line":58,"column":18}},"30":{"start":{"line":58,"column":21},"end":{"line":58,"column":39}},"31":{"start":{"line":58,"column":8},"end":{"line":58,"column":39}},"32":{"start":{"line":59,"column":8},"end":{"line":59,"column":26}},"33":{"start":{"line":61,"column":0},"end":{"line":61,"column":null}}},"fnMap":{"0":{"name":"(anonymous_13)","decl":{"start":{"line":9,"column":0},"end":{"line":9,"column":null}},"loc":{"start":{"line":9,"column":0},"end":{"line":61,"column":null}}},"1":{"name":"Loader","decl":{"start":{"line":14,"column":4},"end":{"line":14,"column":16}},"loc":{"start":{"line":14,"column":36},"end":{"line":17,"column":5}}},"2":{"name":"(anonymous_15)","decl":{"start":{"line":18,"column":4},"end":{"line":18,"column":14}},"loc":{"start":{"line":18,"column":4},"end":{"line":22,"column":5}}},"3":{"name":"(anonymous_16)","decl":{"start":{"line":19,"column":40},"end":{"line":19,"column":41}},"loc":{"start":{"line":19,"column":44},"end":{"line":21,"column":9}}},"4":{"name":"(anonymous_17)","decl":{"start":{"line":23,"column":4},"end":{"line":23,"column":10}},"loc":{"start":{"line":23,"column":26},"end":{"line":60,"column":null}}},"5":{"name":"(anonymous_20)","decl":{"start":{"line":31,"column":12},"end":{"line":31,"column":20}},"loc":{"start":{"line":31,"column":27},"end":{"line":34,"column":13}}}},"branchMap":{"0":{"loc":{"start":{"line":37,"column":8},"end":{"line":40,"column":null}},"type":"if","locations":[{"start":{"line":37,"column":8},"end":{"line":40,"column":null}},{"start":{"line":37,"column":8},"end":{"line":40,"column":null}}]},"1":{"loc":{"start":{"line":42,"column":8},"end":{"line":55,"column":null}},"type":"if","locations":[{"start":{"line":42,"column":8},"end":{"line":55,"column":null}},{"start":{"line":42,"column":8},"end":{"line":55,"column":null}}]}},"s":{"0":1,"1":1,"2":50,"3":50,"4":1,"5":1,"6":1,"7":1,"8":1,"9":16,"10":16,"11":16,"12":16,"13":1,"14":1,"15":16,"16":16,"17":1,"18":1,"19":15,"20":15,"21":5,"22":5,"23":5,"24":5,"25":10,"26":10,"27":10,"28":10,"29":10,"30":10,"31":10,"32":10,"33":1},"f":{"0":1,"1":50,"2":1,"3":1,"4":16,"5":1},"b":{"0":[1,15],"1":[5,10]}}
,"/home/runner/work/plastic-io/plastic-io/src/Scheduler.ts": {"path":"/home/runner/work/plastic-io/plastic-io/src/Scheduler.ts","statementMap":{"0":{"start":{"line":2,"column":0},"end":{"line":2,"column":31}},"1":{"start":{"line":3,"column":0},"end":{"line":3,"column":null}},"2":{"start":{"line":5,"column":0},"end":{"line":5,"column":30}},"3":{"start":{"line":7,"column":0},"end":{"line":7,"column":null}},"4":{"start":{"line":35,"column":30},"end":{"line":35,"column":52}},"5":{"start":{"line":35,"column":52},"end":{"line":35,"column":72}},"6":{"start":{"line":35,"column":72},"end":{"line":35,"column":null}},"7":{"start":{"line":36,"column":8},"end":{"line":36,"column":42}},"8":{"start":{"line":37,"column":8},"end":{"line":39,"column":null}},"9":{"start":{"line":38,"column":12},"end":{"line":38,"column":81}},"10":{"start":{"line":40,"column":8},"end":{"line":40,"column":27}},"11":{"start":{"line":41,"column":8},"end":{"line":41,"column":26}},"12":{"start":{"line":42,"column":8},"end":{"line":42,"column":31}},"13":{"start":{"line":43,"column":8},"end":{"line":43,"column":27}},"14":{"start":{"line":44,"column":8},"end":{"line":44,"column":25}},"15":{"start":{"line":45,"column":8},"end":{"line":45,"column":30}},"16":{"start":{"line":46,"column":8},"end":{"line":46,"column":58}},"17":{"start":{"line":47,"column":8},"end":{"line":47,"column":61}},"18":{"start":{"line":48,"column":8},"end":{"line":48,"column":29}},"19":{"start":{"line":49,"column":8},"end":{"line":49,"column":51}},"20":{"start":{"line":50,"column":8},"end":{"line":50,"column":53}},"21":{"start":{"line":51,"column":8},"end":{"line":51,"column":52}},"22":{"start":{"line":54,"column":4},"end":{"line":64,"column":null}},"23":{"start":{"line":55,"column":8},"end":{"line":55,"column":66}},"24":{"start":{"line":56,"column":8},"end":{"line":58,"column":null}},"25":{"start":{"line":57,"column":12},"end":{"line":57,"column":19}},"26":{"start":{"line":59,"column":20},"end":{"line":59,"column":60}},"27":{"start":{"line":60,"column":8},"end":{"line":62,"column":null}},"28":{"start":{"line":61,"column":12},"end":{"line":61,"column":19}},"29":{"start":{"line":63,"column":8},"end":{"line":63,"column":46}},"30":{"start":{"line":66,"column":4},"end":{"line":70,"column":null}},"31":{"start":{"line":67,"column":8},"end":{"line":67,"column":63}},"32":{"start":{"line":68,"column":8},"end":{"line":68,"column":62}},"33":{"start":{"line":69,"column":8},"end":{"line":69,"column":46}},"34":{"start":{"line":72,"column":4},"end":{"line":79,"column":null}},"35":{"start":{"line":73,"column":8},"end":{"line":73,"column":68}},"36":{"start":{"line":74,"column":8},"end":{"line":78,"column":null}},"37":{"start":{"line":75,"column":12},"end":{"line":77,"column":null}},"38":{"start":{"line":75,"column":35},"end":{"line":75,"column":39}},"39":{"start":{"line":75,"column":35},"end":{"line":75,"column":57}},"40":{"start":{"line":75,"column":31},"end":{"line":75,"column":35}},"41":{"start":{"line":76,"column":16},"end":{"line":76,"column":47}},"42":{"start":{"line":80,"column":4},"end":{"line":82,"column":null}},"43":{"start":{"line":81,"column":8},"end":{"line":81,"column":92}},"44":{"start":{"line":83,"column":4},"end":{"line":85,"column":null}},"45":{"start":{"line":84,"column":8},"end":{"line":84,"column":91}},"46":{"start":{"line":87,"column":10},"end":{"line":127,"column":null}},"47":{"start":{"line":88,"column":8},"end":{"line":88,"column":55}},"48":{"start":{"line":89,"column":14},"end":{"line":89,"column":33}},"49":{"start":{"line":90,"column":8},"end":{"line":94,"column":29}},"50":{"start":{"line":96,"column":8},"end":{"line":100,"column":null}},"51":{"start":{"line":97,"column":12},"end":{"line":97,"column":52}},"52":{"start":{"line":99,"column":12},"end":{"line":99,"column":31}},"53":{"start":{"line":101,"column":14},"end":{"line":101,"column":40}},"54":{"start":{"line":102,"column":14},"end":{"line":104,"column":21}},"55":{"start":{"line":103,"column":12},"end":{"line":103,"column":41}},"56":{"start":{"line":105,"column":8},"end":{"line":113,"column":null}},"57":{"start":{"line":106,"column":12},"end":{"line":106,"column":66}},"58":{"start":{"line":107,"column":12},"end":{"line":112,"column":26}},"59":{"start":{"line":114,"column":12},"end":{"line":114,"column":18}},"60":{"start":{"line":115,"column":12},"end":{"line":115,"column":63}},"61":{"start":{"line":116,"column":12},"end":{"line":116,"column":61}},"62":{"start":{"line":118,"column":8},"end":{"line":123,"column":29}},"63":{"start":{"line":124,"column":8},"end":{"line":126,"column":10}},"64":{"start":{"line":128,"column":0},"end":{"line":128,"column":null}}},"fnMap":{"0":{"name":"(anonymous_13)","decl":{"start":{"line":7,"column":0},"end":{"line":7,"column":null}},"loc":{"start":{"line":7,"column":0},"end":{"line":128,"column":null}}},"1":{"name":"Scheduler","decl":{"start":{"line":35,"column":4},"end":{"line":35,"column":16}},"loc":{"start":{"line":35,"column":99},"end":{"line":52,"column":5}}},"2":{"name":"(anonymous_15)","decl":{"start":{"line":54,"column":4},"end":{"line":54,"column":23}},"loc":{"start":{"line":54,"column":63},"end":{"line":64,"column":5}}},"3":{"name":"(anonymous_16)","decl":{"start":{"line":66,"column":4},"end":{"line":66,"column":20}},"loc":{"start":{"line":66,"column":160},"end":{"line":70,"column":5}}},"4":{"name":"(anonymous_17)","decl":{"start":{"line":72,"column":4},"end":{"line":72,"column":17}},"loc":{"start":{"line":72,"column":62},"end":{"line":79,"column":5}}},"5":{"name":"(anonymous_18)","decl":{"start":{"line":80,"column":4},"end":{"line":80,"column":17}},"loc":{"start":{"line":80,"column":45},"end":{"line":82,"column":5}}},"6":{"name":"(anonymous_19)","decl":{"start":{"line":83,"column":4},"end":{"line":83,"column":16}},"loc":{"start":{"line":83,"column":44},"end":{"line":85,"column":5}}},"7":{"name":"(anonymous_20)","decl":{"start":{"line":87,"column":4},"end":{"line":87,"column":10}},"loc":{"start":{"line":87,"column":75},"end":{"line":127,"column":null}}},"8":{"name":"(anonymous_23)","decl":{"start":{"line":102,"column":42},"end":{"line":102,"column":43}},"loc":{"start":{"line":102,"column":54},"end":{"line":104,"column":9}}}},"branchMap":{"0":{"loc":{"start":{"line":35,"column":30},"end":{"line":35,"column":52}},"type":"if","locations":[{"start":{"line":35,"column":30},"end":{"line":35,"column":52}},{"start":{"line":35,"column":30},"end":{"line":35,"column":52}}]},"1":{"loc":{"start":{"line":35,"column":52},"end":{"line":35,"column":72}},"type":"if","locations":[{"start":{"line":35,"column":52},"end":{"line":35,"column":72}},{"start":{"line":35,"column":52},"end":{"line":35,"column":72}}]},"2":{"loc":{"start":{"line":35,"column":72},"end":{"line":35,"column":null}},"type":"if","locations":[{"start":{"line":35,"column":72},"end":{"line":35,"column":null}},{"start":{"line":35,"column":72},"end":{"line":35,"column":null}}]},"3":{"loc":{"start":{"line":37,"column":8},"end":{"line":39,"column":null}},"type":"if","locations":[{"start":{"line":37,"column":8},"end":{"line":39,"column":null}},{"start":{"line":37,"column":8},"end":{"line":39,"column":null}}]},"4":{"loc":{"start":{"line":56,"column":8},"end":{"line":58,"column":null}},"type":"if","locations":[{"start":{"line":56,"column":8},"end":{"line":58,"column":null}},{"start":{"line":56,"column":8},"end":{"line":58,"column":null}}]},"5":{"loc":{"start":{"line":60,"column":8},"end":{"line":62,"column":null}},"type":"if","locations":[{"start":{"line":60,"column":8},"end":{"line":62,"column":null}},{"start":{"line":60,"column":8},"end":{"line":62,"column":null}}]},"6":{"loc":{"start":{"line":68,"column":33},"end":{"line":68,"column":55}},"type":"binary-expr","locations":[{"start":{"line":68,"column":33},"end":{"line":68,"column":55}},{"start":{"line":68,"column":59},"end":{"line":68,"column":61}}]},"7":{"loc":{"start":{"line":74,"column":8},"end":{"line":78,"column":null}},"type":"if","locations":[{"start":{"line":74,"column":8},"end":{"line":78,"column":null}},{"start":{"line":74,"column":8},"end":{"line":78,"column":null}}]},"8":{"loc":{"start":{"line":96,"column":8},"end":{"line":100,"column":null}},"type":"if","locations":[{"start":{"line":96,"column":8},"end":{"line":100,"column":null}},{"start":{"line":96,"column":8},"end":{"line":100,"column":null}}]},"9":{"loc":{"start":{"line":96,"column":12},"end":{"line":96,"column":25}},"type":"binary-expr","locations":[{"start":{"line":96,"column":12},"end":{"line":96,"column":25}},{"start":{"line":96,"column":29},"end":{"line":96,"column":54}},{"start":{"line":96,"column":58},"end":{"line":96,"column":89}}]},"10":{"loc":{"start":{"line":105,"column":8},"end":{"line":113,"column":null}},"type":"if","locations":[{"start":{"line":105,"column":8},"end":{"line":113,"column":null}},{"start":{"line":105,"column":8},"end":{"line":113,"column":null}}]},"11":{"loc":{"start":{"line":105,"column":12},"end":{"line":105,"column":19}},"type":"binary-expr","locations":[{"start":{"line":105,"column":12},"end":{"line":105,"column":19}},{"start":{"line":105,"column":23},"end":{"line":105,"column":26}}]},"12":{"loc":{"start":{"line":114,"column":12},"end":{"line":114,"column":18}},"type":"if","locations":[{"start":{"line":114,"column":12},"end":{"line":114,"column":18}},{"start":{"line":114,"column":12},"end":{"line":114,"column":18}}]}},"s":{"0":1,"1":1,"2":1,"3":1,"4":43,"5":43,"6":44,"7":26,"8":26,"9":1,"10":25,"11":25,"12":25,"13":25,"14":25,"15":25,"16":25,"17":25,"18":25,"19":25,"20":25,"21":25,"22":1,"23":4,"24":4,"25":1,"26":3,"27":3,"28":1,"29":2,"30":1,"31":26,"32":26,"33":26,"34":1,"35":218,"36":218,"37":28,"38":28,"39":28,"40":26,"41":26,"42":1,"43":8,"44":1,"45":8,"46":1,"47":26,"48":26,"49":26,"50":26,"51":0,"52":26,"53":26,"54":26,"55":26,"56":26,"57":1,"58":1,"59":27,"60":25,"61":50,"62":26,"63":26,"64":1},"f":{"0":1,"1":26,"2":4,"3":26,"4":218,"5":8,"6":8,"7":26,"8":26},"b":{"0":[17,9],"1":[17,9],"2":[18,8],"3":[1,25],"4":[1,3],"5":[1,2],"6":[26,26],"7":[28,190],"8":[0,26],"9":[26,0,0],"10":[1,25],"11":[26,1],"12":[1,25]}}
,"/home/runner/work/plastic-io/plastic-io/src/Shared.ts": {"path":"/home/runner/work/plastic-io/plastic-io/src/Shared.ts","statementMap":{"0":{"start":{"line":147,"column":4},"end":{"line":147,"column":11}},"1":{"start":{"line":146,"column":0},"end":{"line":146,"column":16}},"2":{"start":{"line":150,"column":13},"end":{"line":156,"column":2}},"3":{"start":{"line":172,"column":4},"end":{"line":176,"column":7}},"4":{"start":{"line":174,"column":16},"end":{"line":174,"column":38}},"5":{"start":{"line":174,"column":44},"end":{"line":174,"column":74}},"6":{"start":{"line":175,"column":8},"end":{"line":175,"column":30}},"7":{"start":{"line":171,"column":0},"end":{"line":171,"column":16}}},"fnMap":{"0":{"name":"nullFunction","decl":{"start":{"line":146,"column":16},"end":{"line":146,"column":28}},"loc":{"start":{"line":146,"column":28},"end":{"line":148,"column":1}}},"1":{"name":"newId","decl":{"start":{"line":171,"column":16},"end":{"line":171,"column":21}},"loc":{"start":{"line":171,"column":21},"end":{"line":177,"column":1}}},"2":{"name":"(anonymous_2)","decl":{"start":{"line":172,"column":67},"end":{"line":172,"column":68}},"loc":{"start":{"line":172,"column":69},"end":{"line":176,"column":5}}}},"branchMap":{"0":{"loc":{"start":{"line":174,"column":55},"end":{"line":174,"column":56}},"type":"cond-expr","locations":[{"start":{"line":174,"column":55},"end":{"line":174,"column":56}},{"start":{"line":174,"column":60},"end":{"line":174,"column":73}}]}},"s":{"0":476,"1":1,"2":1,"3":218,"4":6758,"5":6758,"6":6758,"7":1},"f":{"0":476,"1":218,"2":6758},"b":{"0":[6540,218]}}
,"/home/runner/work/plastic-io/plastic-io/src/Vector.ts": {"path":"/home/runner/work/plastic-io/plastic-io/src/Vector.ts","statementMap":{"0":{"start":{"line":1,"column":0},"end":{"line":1,"column":52}},"1":{"start":{"line":2,"column":0},"end":{"line":2,"column":36}},"2":{"start":{"line":3,"column":0},"end":{"line":3,"column":35}},"3":{"start":{"line":5,"column":0},"end":{"line":5,"column":null}},"4":{"start":{"line":35,"column":10},"end":{"line":40,"column":7}},"5":{"start":{"line":41,"column":10},"end":{"line":42,"column":72}},"6":{"start":{"line":43,"column":11},"end":{"line":53,"column":6}},"7":{"start":{"line":43,"column":4},"end":{"line":53,"column":6}},"8":{"start":{"line":56,"column":16},"end":{"line":56,"column":32}},"9":{"start":{"line":57,"column":18},"end":{"line":57,"column":41}},"10":{"start":{"line":58,"column":20},"end":{"line":58,"column":52}},"11":{"start":{"line":59,"column":19},"end":{"line":59,"column":50}},"12":{"start":{"line":63,"column":4},"end":{"line":63,"column":72}},"13":{"start":{"line":64,"column":28},"end":{"line":64,"column":41}},"14":{"start":{"line":65,"column":4},"end":{"line":72,"column":null}},"15":{"start":{"line":66,"column":8},"end":{"line":66,"column":38}},"16":{"start":{"line":68,"column":8},"end":{"line":70,"column":21}},"17":{"start":{"line":69,"column":12},"end":{"line":69,"column":47}},"18":{"start":{"line":71,"column":8},"end":{"line":71,"column":57}},"19":{"start":{"line":73,"column":4},"end":{"line":76,"column":6}},"20":{"start":{"line":55,"column":0},"end":{"line":55,"column":16}},"21":{"start":{"line":79,"column":16},"end":{"line":79,"column":32}},"22":{"start":{"line":80,"column":18},"end":{"line":80,"column":41}},"23":{"start":{"line":81,"column":20},"end":{"line":81,"column":52}},"24":{"start":{"line":82,"column":19},"end":{"line":82,"column":50}},"25":{"start":{"line":83,"column":4},"end":{"line":85,"column":null}},"26":{"start":{"line":84,"column":8},"end":{"line":84,"column":91}},"27":{"start":{"line":89,"column":4},"end":{"line":89,"column":149}},"28":{"start":{"line":90,"column":4},"end":{"line":117,"column":7}},"29":{"start":{"line":91,"column":8},"end":{"line":94,"column":null}},"30":{"start":{"line":92,"column":12},"end":{"line":92,"column":112}},"31":{"start":{"line":93,"column":12},"end":{"line":93,"column":49}},"32":{"start":{"line":95,"column":8},"end":{"line":95,"column":168}},"33":{"start":{"line":96,"column":8},"end":{"line":116,"column":11}},"34":{"start":{"line":97,"column":12},"end":{"line":97,"column":82}},"35":{"start":{"line":98,"column":12},"end":{"line":115,"column":15}},"36":{"start":{"line":99,"column":31},"end":{"line":99,"column":76}},"37":{"start":{"line":100,"column":35},"end":{"line":102,"column":18}},"38":{"start":{"line":101,"column":20},"end":{"line":101,"column":77}},"39":{"start":{"line":103,"column":16},"end":{"line":106,"column":null}},"40":{"start":{"line":104,"column":20},"end":{"line":104,"column":107}},"41":{"start":{"line":105,"column":20},"end":{"line":105,"column":27}},"42":{"start":{"line":107,"column":16},"end":{"line":108,"column":77}},"43":{"start":{"line":109,"column":37},"end":{"line":109,"column":66}},"44":{"start":{"line":109,"column":61},"end":{"line":109,"column":66}},"45":{"start":{"line":110,"column":16},"end":{"line":114,"column":19}},"46":{"start":{"line":111,"column":20},"end":{"line":113,"column":null}},"47":{"start":{"line":112,"column":24},"end":{"line":112,"column":47}},"48":{"start":{"line":78,"column":0},"end":{"line":78,"column":16}},"49":{"start":{"line":121,"column":10},"end":{"line":121,"column":33}},"50":{"start":{"line":122,"column":4},"end":{"line":122,"column":78}},"51":{"start":{"line":123,"column":8},"end":{"line":123,"column":22}},"52":{"start":{"line":124,"column":8},"end":{"line":124,"column":14}},"53":{"start":{"line":125,"column":8},"end":{"line":125,"column":104}},"54":{"start":{"line":126,"column":8},"end":{"line":126,"column":28}},"55":{"start":{"line":126,"column":37},"end":{"line":126,"column":149}},"56":{"start":{"line":126,"column":8},"end":{"line":126,"column":149}},"57":{"start":{"line":127,"column":8},"end":{"line":144,"column":null}},"58":{"start":{"line":128,"column":18},"end":{"line":128,"column":112}},"59":{"start":{"line":129,"column":12},"end":{"line":129,"column":33}},"60":{"start":{"line":130,"column":12},"end":{"line":137,"column":28}},"61":{"start":{"line":139,"column":12},"end":{"line":139,"column":46}},"62":{"start":{"line":141,"column":12},"end":{"line":141,"column":46}},"63":{"start":{"line":142,"column":12},"end":{"line":142,"column":36}},"64":{"start":{"line":143,"column":12},"end":{"line":143,"column":48}},"65":{"start":{"line":146,"column":8},"end":{"line":146,"column":12}},"66":{"start":{"line":147,"column":12},"end":{"line":147,"column":13}},"67":{"start":{"line":148,"column":12},"end":{"line":148,"column":78}},"68":{"start":{"line":149,"column":12},"end":{"line":149,"column":29}},"69":{"start":{"line":149,"column":37},"end":{"line":149,"column":141}},"70":{"start":{"line":149,"column":12},"end":{"line":149,"column":141}},"71":{"start":{"line":150,"column":12},"end":{"line":150,"column":50}},"72":{"start":{"line":151,"column":12},"end":{"line":151,"column":43}},"73":{"start":{"line":153,"column":8},"end":{"line":169,"column":null}},"74":{"start":{"line":154,"column":18},"end":{"line":154,"column":111}},"75":{"start":{"line":155,"column":12},"end":{"line":155,"column":33}},"76":{"start":{"line":156,"column":12},"end":{"line":163,"column":28}},"77":{"start":{"line":165,"column":12},"end":{"line":165,"column":44}},"78":{"start":{"line":166,"column":18},"end":{"line":166,"column":71}},"79":{"start":{"line":167,"column":12},"end":{"line":167,"column":37}},"80":{"start":{"line":168,"column":12},"end":{"line":168,"column":37}},"81":{"start":{"line":171,"column":10},"end":{"line":171,"column":21}},"82":{"start":{"line":173,"column":4},"end":{"line":173,"column":65}},"83":{"start":{"line":174,"column":4},"end":{"line":237,"column":7}},"84":{"start":{"line":175,"column":8},"end":{"line":236,"column":11}},"85":{"start":{"line":176,"column":38},"end":{"line":235,"column":null}},"86":{"start":{"line":178,"column":20},"end":{"line":178,"column":177}},"87":{"start":{"line":180,"column":28},"end":{"line":180,"column":37}},"88":{"start":{"line":181,"column":36},"end":{"line":181,"column":131}},"89":{"start":{"line":181,"column":28},"end":{"line":181,"column":131}},"90":{"start":{"line":183,"column":30},"end":{"line":185,"column":27}},"91":{"start":{"line":184,"column":28},"end":{"line":184,"column":63}},"92":{"start":{"line":186,"column":28},"end":{"line":186,"column":38}},"93":{"start":{"line":187,"column":28},"end":{"line":187,"column":134}},"94":{"start":{"line":188,"column":34},"end":{"line":188,"column":53}},"95":{"start":{"line":189,"column":28},"end":{"line":194,"column":49}},"96":{"start":{"line":195,"column":28},"end":{"line":195,"column":98}},"97":{"start":{"line":196,"column":34},"end":{"line":196,"column":51}},"98":{"start":{"line":197,"column":28},"end":{"line":203,"column":49}},"99":{"start":{"line":205,"column":34},"end":{"line":205,"column":139}},"100":{"start":{"line":206,"column":28},"end":{"line":206,"column":49}},"101":{"start":{"line":207,"column":28},"end":{"line":216,"column":44}},"102":{"start":{"line":179,"column":59},"end":{"line":179,"column":null}},"103":{"start":{"line":179,"column":44},"end":{"line":179,"column":null}},"104":{"start":{"line":179,"column":31},"end":{"line":179,"column":44}},"105":{"start":{"line":221,"column":20},"end":{"line":221,"column":44}},"106":{"start":{"line":223,"column":26},"end":{"line":223,"column":128}},"107":{"start":{"line":224,"column":20},"end":{"line":224,"column":40}},"108":{"start":{"line":225,"column":20},"end":{"line":233,"column":36}},"109":{"start":{"line":239,"column":4},"end":{"line":239,"column":74}},"110":{"start":{"line":241,"column":10},"end":{"line":251,"column":25}},"111":{"start":{"line":252,"column":8},"end":{"line":252,"column":12}},"112":{"start":{"line":253,"column":12},"end":{"line":253,"column":15}},"113":{"start":{"line":254,"column":12},"end":{"line":254,"column":27}},"114":{"start":{"line":255,"column":8},"end":{"line":255,"column":124}},"115":{"start":{"line":257,"column":24},"end":{"line":257,"column":78}},"116":{"start":{"line":257,"column":12},"end":{"line":257,"column":78}},"117":{"start":{"line":259,"column":12},"end":{"line":259,"column":21}},"118":{"start":{"line":260,"column":12},"end":{"line":260,"column":89}},"119":{"start":{"line":261,"column":12},"end":{"line":269,"column":28}},"120":{"start":{"line":271,"column":8},"end":{"line":277,"column":29}},"121":{"start":{"line":278,"column":11},"end":{"line":290,"column":null}},"122":{"start":{"line":279,"column":14},"end":{"line":279,"column":93}},"123":{"start":{"line":280,"column":8},"end":{"line":280,"column":42}},"124":{"start":{"line":281,"column":8},"end":{"line":289,"column":24}},"125":{"start":{"line":120,"column":0},"end":{"line":120,"column":22}}},"fnMap":{"0":{"name":"parseAndRun","decl":{"start":{"line":34,"column":15},"end":{"line":34,"column":26}},"loc":{"start":{"line":34,"column":73},"end":{"line":54,"column":null}}},"1":{"name":"getLinkedInputs","decl":{"start":{"line":55,"column":16},"end":{"line":55,"column":31}},"loc":{"start":{"line":55,"column":81},"end":{"line":77,"column":1}}},"2":{"name":"(anonymous_17)","decl":{"start":{"line":68,"column":34},"end":{"line":68,"column":35}},"loc":{"start":{"line":68,"column":44},"end":{"line":70,"column":9}}},"3":{"name":"linkInnerVectorEdges","decl":{"start":{"line":78,"column":16},"end":{"line":78,"column":36}},"loc":{"start":{"line":78,"column":71},"end":{"line":118,"column":1}}},"4":{"name":"(anonymous_19)","decl":{"start":{"line":90,"column":26},"end":{"line":90,"column":27}},"loc":{"start":{"line":90,"column":36},"end":{"line":117,"column":5}}},"5":{"name":"(anonymous_20)","decl":{"start":{"line":96,"column":24},"end":{"line":96,"column":25}},"loc":{"start":{"line":96,"column":34},"end":{"line":116,"column":9}}},"6":{"name":"(anonymous_21)","decl":{"start":{"line":98,"column":41},"end":{"line":98,"column":42}},"loc":{"start":{"line":98,"column":53},"end":{"line":115,"column":13}}},"7":{"name":"(anonymous_22)","decl":{"start":{"line":100,"column":51},"end":{"line":100,"column":52}},"loc":{"start":{"line":100,"column":56},"end":{"line":102,"column":17}}},"8":{"name":"(anonymous_23)","decl":{"start":{"line":109,"column":56},"end":{"line":109,"column":57}},"loc":{"start":{"line":109,"column":57},"end":{"line":109,"column":62}}},"9":{"name":"(anonymous_24)","decl":{"start":{"line":110,"column":46},"end":{"line":110,"column":47}},"loc":{"start":{"line":110,"column":48},"end":{"line":114,"column":17}}},"10":{"name":"execute","decl":{"start":{"line":120,"column":22},"end":{"line":120,"column":29}},"loc":{"start":{"line":120,"column":107},"end":{"line":291,"column":null}}},"11":{"name":"(anonymous_28)","decl":{"start":{"line":174,"column":23},"end":{"line":174,"column":24}},"loc":{"start":{"line":174,"column":34},"end":{"line":237,"column":5}}},"12":{"name":"(anonymous_29)","decl":{"start":{"line":176,"column":17},"end":{"line":176,"column":24}},"loc":{"start":{"line":176,"column":38},"end":{"line":235,"column":null}}},"13":{"name":"(anonymous_30)","decl":{"start":{"line":176,"column":38},"end":{"line":176,"column":null}},"loc":{"start":{"line":176,"column":38},"end":{"line":235,"column":null}}},"14":{"name":"setter","decl":{"start":{"line":177,"column":31},"end":{"line":177,"column":37}},"loc":{"start":{"line":177,"column":46},"end":{"line":219,"column":null}}},"15":{"name":"(anonymous_36)","decl":{"start":{"line":183,"column":62},"end":{"line":183,"column":63}},"loc":{"start":{"line":183,"column":72},"end":{"line":185,"column":25}}}},"branchMap":{"0":{"loc":{"start":{"line":43,"column":4},"end":{"line":53,"column":6}},"type":"switch","locations":[{"start":{"line":43,"column":4},"end":{"line":53,"column":6}}]},"1":{"loc":{"start":{"line":65,"column":4},"end":{"line":72,"column":null}},"type":"if","locations":[{"start":{"line":65,"column":4},"end":{"line":72,"column":null}},{"start":{"line":65,"column":4},"end":{"line":72,"column":null}}]},"2":{"loc":{"start":{"line":83,"column":4},"end":{"line":85,"column":null}},"type":"if","locations":[{"start":{"line":83,"column":4},"end":{"line":85,"column":null}},{"start":{"line":83,"column":4},"end":{"line":85,"column":null}}]},"3":{"loc":{"start":{"line":91,"column":8},"end":{"line":94,"column":null}},"type":"if","locations":[{"start":{"line":91,"column":8},"end":{"line":94,"column":null}},{"start":{"line":91,"column":8},"end":{"line":94,"column":null}}]},"4":{"loc":{"start":{"line":91,"column":12},"end":{"line":91,"column":28}},"type":"binary-expr","locations":[{"start":{"line":91,"column":12},"end":{"line":91,"column":28}},{"start":{"line":91,"column":32},"end":{"line":91,"column":97}}]},"5":{"loc":{"start":{"line":95,"column":119},"end":{"line":95,"column":152}},"type":"cond-expr","locations":[{"start":{"line":95,"column":119},"end":{"line":95,"column":152}},{"start":{"line":95,"column":155},"end":{"line":95,"column":167}}]},"6":{"loc":{"start":{"line":95,"column":24},"end":{"line":95,"column":40}},"type":"binary-expr","locations":[{"start":{"line":95,"column":24},"end":{"line":95,"column":40}},{"start":{"line":95,"column":44},"end":{"line":95,"column":115}}]},"7":{"loc":{"start":{"line":101,"column":27},"end":{"line":101,"column":54}},"type":"binary-expr","locations":[{"start":{"line":101,"column":27},"end":{"line":101,"column":54}},{"start":{"line":101,"column":58},"end":{"line":101,"column":76}}]},"8":{"loc":{"start":{"line":103,"column":16},"end":{"line":106,"column":null}},"type":"if","locations":[{"start":{"line":103,"column":16},"end":{"line":106,"column":null}},{"start":{"line":103,"column":16},"end":{"line":106,"column":null}}]},"9":{"loc":{"start":{"line":111,"column":20},"end":{"line":113,"column":null}},"type":"if","locations":[{"start":{"line":111,"column":20},"end":{"line":113,"column":null}},{"start":{"line":111,"column":20},"end":{"line":113,"column":null}}]},"10":{"loc":{"start":{"line":124,"column":8},"end":{"line":124,"column":14}},"type":"if","locations":[{"start":{"line":124,"column":8},"end":{"line":124,"column":14}},{"start":{"line":124,"column":8},"end":{"line":124,"column":14}}]},"11":{"loc":{"start":{"line":124,"column":8},"end":{"line":124,"column":27}},"type":"binary-expr","locations":[{"start":{"line":124,"column":8},"end":{"line":124,"column":27}},{"start":{"line":124,"column":31},"end":{"line":124,"column":58}}]},"12":{"loc":{"start":{"line":127,"column":8},"end":{"line":144,"column":null}},"type":"if","locations":[{"start":{"line":127,"column":8},"end":{"line":144,"column":null}},{"start":{"line":127,"column":8},"end":{"line":144,"column":null}}]},"13":{"loc":{"start":{"line":146,"column":8},"end":{"line":146,"column":12}},"type":"if","locations":[{"start":{"line":146,"column":8},"end":{"line":146,"column":12}},{"start":{"line":146,"column":8},"end":{"line":146,"column":12}}]},"14":{"loc":{"start":{"line":147,"column":12},"end":{"line":147,"column":13}},"type":"if","locations":[{"start":{"line":147,"column":12},"end":{"line":147,"column":13}},{"start":{"line":147,"column":12},"end":{"line":147,"column":13}}]},"15":{"loc":{"start":{"line":153,"column":8},"end":{"line":169,"column":null}},"type":"if","locations":[{"start":{"line":153,"column":8},"end":{"line":169,"column":null}},{"start":{"line":153,"column":8},"end":{"line":169,"column":null}}]},"16":{"loc":{"start":{"line":153,"column":12},"end":{"line":153,"column":30}},"type":"binary-expr","locations":[{"start":{"line":153,"column":12},"end":{"line":153,"column":30}},{"start":{"line":153,"column":34},"end":{"line":153,"column":59}}]},"17":{"loc":{"start":{"line":180,"column":28},"end":{"line":180,"column":37}},"type":"if","locations":[{"start":{"line":180,"column":28},"end":{"line":180,"column":37}},{"start":{"line":180,"column":28},"end":{"line":180,"column":37}}]},"18":{"loc":{"start":{"line":180,"column":28},"end":{"line":180,"column":58}},"type":"binary-expr","locations":[{"start":{"line":180,"column":28},"end":{"line":180,"column":58}},{"start":{"line":180,"column":62},"end":{"line":180,"column":97}}]},"19":{"loc":{"start":{"line":186,"column":28},"end":{"line":186,"column":38}},"type":"if","locations":[{"start":{"line":186,"column":28},"end":{"line":186,"column":38}},{"start":{"line":186,"column":28},"end":{"line":186,"column":38}}]},"20":{"loc":{"start":{"line":179,"column":44},"end":{"line":179,"column":null}},"type":"if","locations":[{"start":{"line":179,"column":44},"end":{"line":179,"column":null}},{"start":{"line":179,"column":44},"end":{"line":179,"column":null}}]},"21":{"loc":{"start":{"line":239,"column":37},"end":{"line":239,"column":67}},"type":"binary-expr","locations":[{"start":{"line":239,"column":37},"end":{"line":239,"column":67}},{"start":{"line":239,"column":71},"end":{"line":239,"column":73}}]},"22":{"loc":{"start":{"line":252,"column":8},"end":{"line":252,"column":12}},"type":"if","locations":[{"start":{"line":252,"column":8},"end":{"line":252,"column":12}},{"start":{"line":252,"column":8},"end":{"line":252,"column":12}}]},"23":{"loc":{"start":{"line":278,"column":11},"end":{"line":290,"column":null}},"type":"if","locations":[{"start":{"line":278,"column":11},"end":{"line":290,"column":null}},{"start":{"line":278,"column":11},"end":{"line":290,"column":null}}]}},"s":{"0":1,"1":1,"2":1,"3":1,"4":30,"5":30,"6":30,"7":29,"8":9,"9":9,"10":9,"11":9,"12":9,"13":9,"14":9,"15":9,"16":9,"17":17,"18":9,"19":9,"20":1,"21":7,"22":7,"23":7,"24":7,"25":7,"26":1,"27":6,"28":6,"29":12,"30":5,"31":5,"32":12,"33":12,"34":7,"35":7,"36":2,"37":2,"38":2,"39":2,"40":1,"41":1,"42":1,"43":1,"44":0,"45":1,"46":1,"47":1,"48":1,"49":38,"50":38,"51":38,"52":68,"53":8,"54":8,"55":8,"56":8,"57":3,"58":1,"59":1,"60":1,"61":2,"62":2,"63":2,"64":2,"65":56,"66":13,"67":7,"68":7,"69":7,"70":7,"71":7,"72":6,"73":9,"74":0,"75":0,"76":0,"77":9,"78":9,"79":9,"80":9,"81":32,"82":32,"83":32,"84":13,"85":13,"86":13,"87":27,"88":1,"89":1,"90":14,"91":30,"92":15,"93":13,"94":13,"95":13,"96":26,"97":13,"98":13,"99":1,"100":1,"101":1,"102":24,"103":40,"104":28,"105":26,"106":1,"107":1,"108":1,"109":32,"110":32,"111":34,"112":30,"113":30,"114":30,"115":30,"116":30,"117":1,"118":1,"119":1,"120":30,"121":2,"122":2,"123":2,"124":2,"125":1},"f":{"0":30,"1":9,"2":17,"3":7,"4":12,"5":7,"6":2,"7":2,"8":0,"9":1,"10":38,"11":13,"12":13,"13":13,"14":13,"15":30},"b":{"0":[29],"1":[9,0],"2":[1,6],"3":[5,7],"4":[12,12],"5":[1,11],"6":[12,12],"7":[2,2],"8":[1,1],"9":[1,0],"10":[30,8],"11":[38,8],"12":[1,2],"13":[23,10],"14":[3,7],"15":[0,9],"16":[9,9],"17":[13,1],"18":[14,13],"19":[1,13],"20":[12,14],"21":[32,25],"22":[2,30],"23":[2,0]}}
,"/home/runner/work/plastic-io/plastic-io/src/index.ts": {"path":"/home/runner/work/plastic-io/plastic-io/src/index.ts","statementMap":{"0":{"start":{"line":4,"column":0},"end":{"line":4,"column":null}},"1":{"start":{"line":44,"column":4},"end":{"line":15,"column":null}},"2":{"start":{"line":23,"column":0},"end":{"line":23,"column":36}},"3":{"start":{"line":25,"column":0},"end":{"line":25,"column":16}},"4":{"start":{"line":30,"column":4},"end":{"line":25,"column":38}},"5":{"start":{"line":29,"column":4},"end":{"line":25,"column":71}},"6":{"start":{"line":26,"column":0},"end":{"line":26,"column":7}},"7":{"start":{"line":31,"column":4},"end":{"line":26,"column":30}},"8":{"start":{"line":27,"column":0},"end":{"line":27,"column":25}}},"fnMap":{},"branchMap":{},"s":{"0":1,"1":1,"2":1,"3":1,"4":1,"5":1,"6":1,"7":1,"8":1},"f":{},"b":{}}
}
