TN:
SF:src/Edge.ts
FN:12,execute
FN:23,end
FN:37,(anonymous_17)
FNF:3
FNH:3
FNDA:38,execute
FNDA:38,end
FNDA:6,(anonymous_17)
DA:1,1
DA:2,1
DA:12,1
DA:13,38
DA:14,38
DA:22,38
DA:24,38
DA:25,38
DA:35,76
DA:38,6
DA:39,6
DA:40,6
DA:50,6
LF:13
LH:13
BRF:0
BRH:0
end_of_record
TN:
SF:src/Loader.ts
FN:9,(anonymous_13)
FN:14,Loader
FN:18,(anonymous_15)
FN:19,(anonymous_16)
FN:23,(anonymous_17)
FN:29,(anonymous_20)
FNF:6
FNH:6
FNDA:1,(anonymous_13)
FNDA:50,Loader
FNDA:1,(anonymous_15)
FNDA:1,(anonymous_16)
FNDA:16,(anonymous_17)
FNDA:1,(anonymous_20)
DA:2,1
DA:9,1
DA:15,50
DA:16,50
DA:18,1
DA:19,1
DA:20,1
DA:23,1
DA:24,16
DA:25,16
DA:30,1
DA:31,1
DA:34,16
DA:35,16
DA:36,1
DA:37,1
DA:39,15
DA:40,15
DA:41,5
DA:44,5
DA:45,5
DA:52,5
DA:54,10
DA:55,10
DA:56,10
DA:57,10
DA:59,1
LF:27
LH:27
BRDA:35,0,0,1
BRDA:35,0,1,15
BRDA:40,1,0,5
BRDA:40,1,1,10
BRF:4
BRH:4
end_of_record
TN:
SF:src/Scheduler.ts
FN:7,(anonymous_13)
FN:35,Scheduler
FN:54,(anonymous_15)
FN:66,(anonymous_16)
FN:72,(anonymous_17)
FN:80,(anonymous_18)
FN:83,(anonymous_19)
FN:87,(anonymous_20)
FN:102,(anonymous_23)
FNF:9
FNH:9
FNDA:1,(anonymous_13)
FNDA:26,Scheduler
FNDA:4,(anonymous_15)
FNDA:26,(anonymous_16)
FNDA:248,(anonymous_17)
FNDA:8,(anonymous_18)
FNDA:8,(anonymous_19)
FNDA:26,(anonymous_20)
FNDA:26,(anonymous_23)
DA:2,1
DA:3,1
DA:5,1
DA:7,1
DA:35,44
DA:36,26
DA:37,26
DA:38,1
DA:40,25
DA:41,25
DA:42,25
DA:43,25
DA:44,25
DA:45,25
DA:46,25
DA:47,25
DA:48,25
DA:49,25
DA:50,25
DA:51,25
DA:54,1
DA:55,4
DA:56,4
DA:57,1
DA:59,3
DA:60,3
DA:61,1
DA:63,2
DA:66,1
DA:67,26
DA:68,26
DA:69,26
DA:72,1
DA:73,248
DA:74,248
DA:75,28
DA:76,26
DA:80,1
DA:81,8
DA:83,1
DA:84,8
DA:87,1
DA:88,26
DA:89,26
DA:90,26
DA:96,26
DA:97,0
DA:99,26
DA:101,26
DA:102,26
DA:103,26
DA:105,26
DA:106,1
DA:107,1
DA:114,27
DA:115,25
DA:116,50
DA:118,26
DA:124,26
DA:128,1
LF:60
LH:59
BRDA:35,0,0,17
BRDA:35,0,1,9
BRDA:35,1,0,17
BRDA:35,1,1,9
BRDA:35,2,0,18
BRDA:35,2,1,8
BRDA:37,3,0,1
BRDA:37,3,1,25
BRDA:56,4,0,1
BRDA:56,4,1,3
BRDA:60,5,0,1
BRDA:60,5,1,2
BRDA:68,6,0,26
BRDA:68,6,1,26
BRDA:74,7,0,28
BRDA:74,7,1,220
BRDA:96,8,0,0
BRDA:96,8,1,26
BRDA:96,9,0,26
BRDA:96,9,1,0
BRDA:96,9,2,0
BRDA:105,10,0,1
BRDA:105,10,1,25
BRDA:105,11,0,26
BRDA:105,11,1,1
BRDA:114,12,0,1
BRDA:114,12,1,25
BRF:27
BRH:24
end_of_record
TN:
SF:src/Shared.ts
FN:161,nullFunction
FN:186,newId
FN:187,(anonymous_2)
FNF:3
FNH:3
FNDA:501,nullFunction
FNDA:248,newId
FNDA:7688,(anonymous_2)
DA:161,1
DA:162,501
DA:165,1
DA:186,1
DA:187,248
DA:189,7688
DA:190,7688
LF:7
LH:7
BRDA:189,0,0,7440
BRDA:189,0,1,248
BRF:2
BRH:2
end_of_record
TN:
SF:src/Vector.ts
FN:39,parseAndRun
FN:47,(anonymous_16)
FN:57,(anonymous_19)
FN:74,(anonymous_20)
FN:79,getLinkedInputs
FN:92,(anonymous_22)
FN:102,linkInnerVectorEdges
FN:114,(anonymous_24)
FN:120,(anonymous_25)
FN:122,(anonymous_26)
FN:124,(anonymous_27)
FN:133,(anonymous_28)
FN:134,(anonymous_29)
FN:144,execute
FN:198,(anonymous_33)
FN:200,(anonymous_34)
FN:200,(anonymous_35)
FN:201,setter
FN:207,(anonymous_41)
FNF:19
FNH:15
FNDA:30,parseAndRun
FNDA:0,(anonymous_16)
FNDA:0,(anonymous_19)
FNDA:0,(anonymous_20)
FNDA:9,getLinkedInputs
FNDA:17,(anonymous_22)
FNDA:7,linkInnerVectorEdges
FNDA:12,(anonymous_24)
FNDA:7,(anonymous_25)
FNDA:2,(anonymous_26)
FNDA:2,(anonymous_27)
FNDA:0,(anonymous_28)
FNDA:1,(anonymous_29)
FNDA:38,execute
FNDA:13,(anonymous_33)
FNDA:13,(anonymous_34)
FNDA:13,(anonymous_35)
FNDA:13,setter
FNDA:30,(anonymous_41)
DA:1,1
DA:2,1
DA:3,1
DA:5,1
DA:40,30
DA:47,30
DA:48,30
DA:50,30
DA:58,0
DA:59,0
DA:62,30
DA:75,0
DA:79,1
DA:80,9
DA:81,9
DA:82,9
DA:83,9
DA:87,9
DA:88,9
DA:89,9
DA:90,9
DA:92,9
DA:93,17
DA:95,9
DA:97,9
DA:102,1
DA:103,7
DA:104,7
DA:105,7
DA:106,7
DA:107,7
DA:108,1
DA:113,6
DA:114,6
DA:115,12
DA:116,5
DA:117,5
DA:119,12
DA:120,12
DA:121,7
DA:122,7
DA:123,2
DA:124,2
DA:125,2
DA:127,2
DA:128,1
DA:129,1
DA:131,1
DA:133,1
DA:134,1
DA:135,1
DA:136,1
DA:144,1
DA:145,38
DA:146,38
DA:147,38
DA:148,68
DA:149,8
DA:150,8
DA:151,3
DA:152,1
DA:153,1
DA:154,1
DA:163,2
DA:165,2
DA:166,2
DA:167,2
DA:170,56
DA:171,13
DA:172,7
DA:173,7
DA:174,7
DA:175,6
DA:177,9
DA:178,0
DA:179,0
DA:180,0
DA:189,9
DA:190,9
DA:191,9
DA:192,9
DA:195,32
DA:197,32
DA:198,32
DA:199,13
DA:200,13
DA:202,13
DA:203,40
DA:204,27
DA:205,1
DA:207,14
DA:208,30
DA:210,15
DA:211,13
DA:212,13
DA:213,13
DA:219,26
DA:220,13
DA:221,13
DA:229,1
DA:230,1
DA:231,1
DA:245,26
DA:247,1
DA:248,1
DA:249,1
DA:263,32
DA:265,32
DA:277,34
DA:278,30
DA:279,30
DA:280,30
DA:282,30
DA:284,1
DA:285,1
DA:286,1
DA:296,30
DA:303,2
DA:304,2
DA:305,2
DA:306,2
LF:121
LH:115
BRDA:62,0,0,29
BRDA:89,1,0,9
BRDA:89,1,1,0
BRDA:107,2,0,1
BRDA:107,2,1,6
BRDA:115,3,0,5
BRDA:115,3,1,7
BRDA:115,4,0,12
BRDA:115,4,1,12
BRDA:119,5,0,1
BRDA:119,5,1,11
BRDA:119,6,0,12
BRDA:119,6,1,12
BRDA:125,7,0,2
BRDA:125,7,1,2
BRDA:127,8,0,1
BRDA:127,8,1,1
BRDA:135,9,0,1
BRDA:135,9,1,0
BRDA:148,10,0,30
BRDA:148,10,1,8
BRDA:148,11,0,38
BRDA:148,11,1,8
BRDA:151,12,0,1
BRDA:151,12,1,2
BRDA:170,13,0,23
BRDA:170,13,1,10
BRDA:171,14,0,3
BRDA:171,14,1,7
BRDA:177,15,0,0
BRDA:177,15,1,9
BRDA:177,16,0,9
BRDA:177,16,1,9
BRDA:204,17,0,13
BRDA:204,17,1,1
BRDA:204,18,0,14
BRDA:204,18,1,13
BRDA:210,19,0,1
BRDA:210,19,1,13
BRDA:203,20,0,12
BRDA:203,20,1,14
BRDA:263,21,0,32
BRDA:263,21,1,25
BRDA:277,22,0,2
BRDA:277,22,1,30
BRDA:303,23,0,2
BRDA:303,23,1,0
BRF:47
BRH:43
end_of_record
TN:
SF:src/index.ts
FN:44,(anonymous_0)
FN:30,(anonymous_1)
FN:29,(anonymous_2)
FNF:3
FNH:0
FNDA:0,(anonymous_0)
FNDA:0,(anonymous_1)
FNDA:0,(anonymous_2)
DA:4,1
DA:23,1
DA:25,1
DA:26,1
DA:27,1
DA:29,1
DA:30,1
DA:31,1
DA:44,1
LF:9
LH:9
BRF:0
BRH:0
end_of_record
