TN:
SF:src/Edge.ts
FN:12,execute
FN:26,end
FN:41,(anonymous_17)
FNF:3
FNH:3
FNDA:40,execute
FNDA:40,end
FNDA:6,(anonymous_17)
DA:1,1
DA:2,1
DA:12,1
DA:14,40
DA:15,40
DA:16,40
DA:25,40
DA:27,40
DA:28,40
DA:39,40
DA:42,6
DA:43,6
DA:44,6
DA:55,6
LF:14
LH:14
BRDA:14,0,0,14
BRDA:14,0,1,26
BRF:2
BRH:2
end_of_record
TN:
SF:src/Loader.ts
FN:9,(anonymous_13)
FN:14,Loader
FN:18,(anonymous_15)
FN:19,(anonymous_16)
FN:23,(anonymous_17)
FN:31,(anonymous_20)
FNF:6
FNH:6
FNDA:1,(anonymous_13)
FNDA:52,Loader
FNDA:1,(anonymous_15)
FNDA:1,(anonymous_16)
FNDA:17,(anonymous_17)
FNDA:1,(anonymous_20)
DA:2,1
DA:9,1
DA:15,52
DA:16,52
DA:18,1
DA:19,1
DA:20,1
DA:23,1
DA:24,17
DA:25,17
DA:26,17
DA:27,17
DA:32,1
DA:33,1
DA:36,17
DA:37,17
DA:38,1
DA:39,1
DA:41,16
DA:42,16
DA:43,5
DA:46,5
DA:47,5
DA:54,5
DA:56,11
DA:57,11
DA:58,11
DA:59,11
DA:61,1
LF:29
LH:29
BRDA:37,0,0,1
BRDA:37,0,1,16
BRDA:42,1,0,5
BRDA:42,1,1,11
BRF:4
BRH:4
end_of_record
TN:
SF:src/Scheduler.ts
FN:6,(anonymous_13)
FN:34,Scheduler
FN:53,(anonymous_15)
FN:65,(anonymous_16)
FN:71,(anonymous_17)
FN:79,(anonymous_18)
FN:82,(anonymous_19)
FN:86,(anonymous_20)
FN:95,(anonymous_23)
FNF:9
FNH:9
FNDA:1,(anonymous_13)
FNDA:27,Scheduler
FNDA:4,(anonymous_15)
FNDA:27,(anonymous_16)
FNDA:198,(anonymous_17)
FNDA:8,(anonymous_18)
FNDA:9,(anonymous_19)
FNDA:27,(anonymous_20)
FNDA:27,(anonymous_23)
DA:2,1
DA:3,1
DA:4,1
DA:6,1
DA:34,45
DA:35,27
DA:36,27
DA:37,1
DA:39,26
DA:40,26
DA:41,26
DA:42,26
DA:43,26
DA:44,26
DA:45,26
DA:46,26
DA:47,26
DA:48,26
DA:49,26
DA:50,26
DA:53,1
DA:54,4
DA:55,4
DA:56,1
DA:58,3
DA:59,3
DA:60,1
DA:62,2
DA:65,1
DA:66,27
DA:67,27
DA:68,27
DA:71,1
DA:72,198
DA:73,198
DA:74,29
DA:75,27
DA:79,1
DA:80,8
DA:82,1
DA:83,9
DA:86,1
DA:87,27
DA:88,27
DA:89,27
DA:94,27
DA:95,27
DA:96,27
DA:98,27
DA:99,1
DA:100,1
DA:107,28
DA:108,26
DA:109,52
DA:111,27
DA:117,27
DA:121,1
LF:57
LH:57
BRDA:34,0,0,17
BRDA:34,0,1,10
BRDA:34,1,0,17
BRDA:34,1,1,10
BRDA:34,2,0,18
BRDA:34,2,1,9
BRDA:36,3,0,1
BRDA:36,3,1,26
BRDA:55,4,0,1
BRDA:55,4,1,3
BRDA:59,5,0,1
BRDA:59,5,1,2
BRDA:67,6,0,27
BRDA:67,6,1,27
BRDA:73,7,0,29
BRDA:73,7,1,169
BRDA:98,8,0,1
BRDA:98,8,1,26
BRDA:98,9,0,27
BRDA:98,9,1,1
BRDA:107,10,0,1
BRDA:107,10,1,26
BRF:22
BRH:22
end_of_record
TN:
SF:src/Shared.ts
FN:147,nullFunction
FN:172,newId
FN:173,(anonymous_2)
FNF:3
FNH:3
FNDA:447,nullFunction
FNDA:198,newId
FNDA:6138,(anonymous_2)
DA:147,1
DA:148,447
DA:151,1
DA:172,1
DA:173,198
DA:175,6138
DA:176,6138
LF:7
LH:7
BRDA:175,0,0,5940
BRDA:175,0,1,198
BRF:2
BRH:2
end_of_record
TN:
SF:src/Vector.ts
FN:33,parseAndRun
FN:55,execute
FN:104,(anonymous_20)
FN:108,(anonymous_21)
FN:110,(anonymous_22)
FN:112,(anonymous_23)
FN:136,(anonymous_24)
FN:145,(anonymous_25)
FN:147,(anonymous_26)
FN:147,(anonymous_27)
FN:148,setter
FN:154,(anonymous_33)
FNF:12
FNH:12
FNDA:28,parseAndRun
FNDA:40,execute
FNDA:14,(anonymous_20)
FNDA:8,(anonymous_21)
FNDA:2,(anonymous_22)
FNDA:2,(anonymous_23)
FNDA:11,(anonymous_24)
FNDA:14,(anonymous_25)
FNDA:14,(anonymous_26)
FNDA:14,(anonymous_27)
FNDA:14,setter
FNDA:32,(anonymous_33)
DA:1,1
DA:2,1
DA:3,1
DA:5,1
DA:34,28
DA:40,28
DA:42,28
DA:55,1
DA:56,40
DA:57,40
DA:59,40
DA:60,72
DA:61,8
DA:62,8
DA:63,3
DA:64,1
DA:65,1
DA:66,1
DA:75,2
DA:77,2
DA:78,2
DA:79,2
DA:82,62
DA:83,8
DA:84,8
DA:85,8
DA:86,1
DA:87,1
DA:88,1
DA:97,7
DA:99,7
DA:103,7
DA:104,7
DA:105,14
DA:106,14
DA:107,14
DA:108,14
DA:109,8
DA:110,8
DA:111,2
DA:112,2
DA:113,2
DA:115,2
DA:116,1
DA:118,1
DA:120,1
DA:124,1
DA:132,7
DA:133,7
DA:134,7
DA:136,6
DA:137,11
DA:139,6
DA:142,34
DA:144,34
DA:145,34
DA:146,14
DA:147,14
DA:149,14
DA:150,44
DA:151,29
DA:152,1
DA:154,15
DA:155,32
DA:157,16
DA:158,14
DA:159,28
DA:161,1
DA:162,1
DA:163,1
DA:177,28
DA:179,1
DA:180,1
DA:181,1
DA:195,34
DA:197,34
DA:208,40
DA:209,28
DA:210,28
DA:211,28
DA:213,28
DA:215,1
DA:216,1
DA:217,1
DA:227,28
DA:234,6
DA:235,2
DA:236,2
DA:237,2
LF:89
LH:89
BRDA:42,0,0,27
BRDA:60,1,0,32
BRDA:60,1,1,8
BRDA:60,2,0,40
BRDA:60,2,1,8
BRDA:63,3,0,1
BRDA:63,3,1,2
BRDA:82,4,0,27
BRDA:82,4,1,8
BRDA:82,5,0,35
BRDA:82,5,1,11
BRDA:85,6,0,1
BRDA:85,6,1,7
BRDA:85,7,0,8
BRDA:85,7,1,8
BRDA:106,8,0,6
BRDA:106,8,1,8
BRDA:106,9,0,14
BRDA:106,9,1,14
BRDA:107,10,0,1
BRDA:107,10,1,13
BRDA:107,11,0,14
BRDA:107,11,1,14
BRDA:113,12,0,2
BRDA:113,12,1,2
BRDA:115,13,0,1
BRDA:115,13,1,1
BRDA:151,14,0,14
BRDA:151,14,1,1
BRDA:151,15,0,15
BRDA:151,15,1,14
BRDA:157,16,0,1
BRDA:157,16,1,14
BRDA:150,17,0,13
BRDA:150,17,1,15
BRDA:195,18,0,34
BRDA:195,18,1,28
BRDA:208,19,0,6
BRDA:208,19,1,28
BRDA:234,20,0,2
BRDA:234,20,1,4
BRF:41
BRH:41
end_of_record
TN:
SF:src/index.ts
FNF:0
FNH:0
DA:4,1
DA:22,1
DA:25,1
DA:26,1
DA:28,1
DA:41,1
LF:6
LH:6
BRF:0
BRH:0
end_of_record
